The system is: Linux - 3.2.0-38-generic - x86_64
Compiling the C compiler identification source file "CMakeCCompilerId.c" succeeded.
Compiler: /usr/bin/cc 
Build flags: 
Id flags: 

The output was:
0


Compilation of the C compiler identification source "CMakeCCompilerId.c" produced "a.out"

The C compiler identification is GNU, found in "/u/qnie/research/MappingOpti/ALG/CMakeFiles/3.6.0/CompilerIdC/a.out"

Compiling the CXX compiler identification source file "CMakeCXXCompilerId.cpp" succeeded.
Compiler: /usr/bin/c++ 
Build flags: 
Id flags: 

The output was:
0


Compilation of the CXX compiler identification source "CMakeCXXCompilerId.cpp" produced "a.out"

The CXX compiler identification is GNU, found in "/u/qnie/research/MappingOpti/ALG/CMakeFiles/3.6.0/CompilerIdCXX/a.out"

Determining if the C compiler works passed with the following output:
Change Dir: /u/qnie/research/MappingOpti/ALG/CMakeFiles/CMakeTmp

Run Build Command:"/usr/bin/make" "cmTC_3147a/fast"
/usr/bin/make -f CMakeFiles/cmTC_3147a.dir/build.make CMakeFiles/cmTC_3147a.dir/build
make[1]: Entering directory `/u/qnie/research/MappingOpti/ALG/CMakeFiles/CMakeTmp'
Building C object CMakeFiles/cmTC_3147a.dir/testCCompiler.c.o
/usr/bin/cc     -o CMakeFiles/cmTC_3147a.dir/testCCompiler.c.o   -c /u/qnie/research/MappingOpti/ALG/CMakeFiles/CMakeTmp/testCCompiler.c
Linking C executable cmTC_3147a
/usr/local/bin/cmake -E cmake_link_script CMakeFiles/cmTC_3147a.dir/link.txt --verbose=1
/usr/bin/cc       CMakeFiles/cmTC_3147a.dir/testCCompiler.c.o  -o cmTC_3147a 
make[1]: Leaving directory `/u/qnie/research/MappingOpti/ALG/CMakeFiles/CMakeTmp'


Detecting C compiler ABI info compiled with the following output:
Change Dir: /u/qnie/research/MappingOpti/ALG/CMakeFiles/CMakeTmp

Run Build Command:"/usr/bin/make" "cmTC_6053d/fast"
/usr/bin/make -f CMakeFiles/cmTC_6053d.dir/build.make CMakeFiles/cmTC_6053d.dir/build
make[1]: Entering directory `/u/qnie/research/MappingOpti/ALG/CMakeFiles/CMakeTmp'
Building C object CMakeFiles/cmTC_6053d.dir/CMakeCCompilerABI.c.o
/usr/bin/cc     -o CMakeFiles/cmTC_6053d.dir/CMakeCCompilerABI.c.o   -c /usr/local/share/cmake-3.6/Modules/CMakeCCompilerABI.c
Linking C executable cmTC_6053d
/usr/local/bin/cmake -E cmake_link_script CMakeFiles/cmTC_6053d.dir/link.txt --verbose=1
/usr/bin/cc      -v CMakeFiles/cmTC_6053d.dir/CMakeCCompilerABI.c.o  -o cmTC_6053d  
Using built-in specs.
COLLECT_GCC=/usr/bin/cc
COLLECT_LTO_WRAPPER=/usr/lib/gcc/x86_64-linux-gnu/5/lto-wrapper
Target: x86_64-linux-gnu
Configured with: ../src/configure -v --with-pkgversion='Ubuntu 5.2.1-23ubuntu1~12.04' --with-bugurl=file:///usr/share/doc/gcc-5/README.Bugs --enable-languages=c,ada,c++,java,go,d,fortran,objc,obj-c++ --prefix=/usr --program-suffix=-5 --enable-shared --enable-linker-build-id --libexecdir=/usr/lib --without-included-gettext --enable-threads=posix --libdir=/usr/lib --enable-nls --with-sysroot=/ --enable-clocale=gnu --enable-libstdcxx-debug --enable-libstdcxx-time=yes --with-default-libstdcxx-abi=gcc4-compatible --disable-libstdcxx-dual-abi --enable-gnu-unique-object --disable-vtable-verify --enable-plugin --with-system-zlib --disable-browser-plugin --enable-java-awt=gtk --enable-gtk-cairo --with-java-home=/usr/lib/jvm/java-1.5.0-gcj-5-amd64/jre --enable-java-home --with-jvm-root-dir=/usr/lib/jvm/java-1.5.0-gcj-5-amd64 --with-jvm-jar-dir=/usr/lib/jvm-exports/java-1.5.0-gcj-5-amd64 --with-arch-directory=amd64 --with-ecj-jar=/usr/share/java/eclipse-ecj.jar --enable-objc-gc --enable-multiarch --disable-werror --with-arch-32=i686 --with-abi=m64 --with-multilib-list=m32,m64 --enable-multilib --with-tune=generic --enable-checking=release --build=x86_64-linux-gnu --host=x86_64-linux-gnu --target=x86_64-linux-gnu
Thread model: posix
gcc version 5.2.1 20151031 (Ubuntu 5.2.1-23ubuntu1~12.04) 
COMPILER_PATH=/usr/lib/gcc/x86_64-linux-gnu/5/:/usr/lib/gcc/x86_64-linux-gnu/5/:/usr/lib/gcc/x86_64-linux-gnu/:/usr/lib/gcc/x86_64-linux-gnu/5/:/usr/lib/gcc/x86_64-linux-gnu/
LIBRARY_PATH=/usr/lib/gcc/x86_64-linux-gnu/5/:/usr/lib/gcc/x86_64-linux-gnu/5/../../../x86_64-linux-gnu/:/usr/lib/gcc/x86_64-linux-gnu/5/../../../../lib/:/lib/x86_64-linux-gnu/:/lib/../lib/:/usr/lib/x86_64-linux-gnu/:/usr/lib/../lib/:/usr/lib/gcc/x86_64-linux-gnu/5/../../../:/lib/:/usr/lib/
COLLECT_GCC_OPTIONS='-v' '-o' 'cmTC_6053d' '-mtune=generic' '-march=x86-64'
 /usr/lib/gcc/x86_64-linux-gnu/5/collect2 -plugin /usr/lib/gcc/x86_64-linux-gnu/5/liblto_plugin.so -plugin-opt=/usr/lib/gcc/x86_64-linux-gnu/5/lto-wrapper -plugin-opt=-fresolution=/tmp/ccleUMg0.res -plugin-opt=-pass-through=-lgcc -plugin-opt=-pass-through=-lgcc_s -plugin-opt=-pass-through=-lc -plugin-opt=-pass-through=-lgcc -plugin-opt=-pass-through=-lgcc_s --sysroot=/ --build-id --eh-frame-hdr -m elf_x86_64 --hash-style=gnu --as-needed -dynamic-linker /lib64/ld-linux-x86-64.so.2 -z relro -o cmTC_6053d /usr/lib/gcc/x86_64-linux-gnu/5/../../../x86_64-linux-gnu/crt1.o /usr/lib/gcc/x86_64-linux-gnu/5/../../../x86_64-linux-gnu/crti.o /usr/lib/gcc/x86_64-linux-gnu/5/crtbegin.o -L/usr/lib/gcc/x86_64-linux-gnu/5 -L/usr/lib/gcc/x86_64-linux-gnu/5/../../../x86_64-linux-gnu -L/usr/lib/gcc/x86_64-linux-gnu/5/../../../../lib -L/lib/x86_64-linux-gnu -L/lib/../lib -L/usr/lib/x86_64-linux-gnu -L/usr/lib/../lib -L/usr/lib/gcc/x86_64-linux-gnu/5/../../.. CMakeFiles/cmTC_6053d.dir/CMakeCCompilerABI.c.o -lgcc --as-needed -lgcc_s --no-as-needed -lc -lgcc --as-needed -lgcc_s --no-as-needed /usr/lib/gcc/x86_64-linux-gnu/5/crtend.o /usr/lib/gcc/x86_64-linux-gnu/5/../../../x86_64-linux-gnu/crtn.o
make[1]: Leaving directory `/u/qnie/research/MappingOpti/ALG/CMakeFiles/CMakeTmp'


Parsed C implicit link information from above output:
  link line regex: [^( *|.*[/\])(ld|([^/\]+-)?ld|collect2)[^/\]*( |$)]
  ignore line: [Change Dir: /u/qnie/research/MappingOpti/ALG/CMakeFiles/CMakeTmp]
  ignore line: []
  ignore line: [Run Build Command:"/usr/bin/make" "cmTC_6053d/fast"]
  ignore line: [/usr/bin/make -f CMakeFiles/cmTC_6053d.dir/build.make CMakeFiles/cmTC_6053d.dir/build]
  ignore line: [make[1]: Entering directory `/u/qnie/research/MappingOpti/ALG/CMakeFiles/CMakeTmp']
  ignore line: [Building C object CMakeFiles/cmTC_6053d.dir/CMakeCCompilerABI.c.o]
  ignore line: [/usr/bin/cc     -o CMakeFiles/cmTC_6053d.dir/CMakeCCompilerABI.c.o   -c /usr/local/share/cmake-3.6/Modules/CMakeCCompilerABI.c]
  ignore line: [Linking C executable cmTC_6053d]
  ignore line: [/usr/local/bin/cmake -E cmake_link_script CMakeFiles/cmTC_6053d.dir/link.txt --verbose=1]
  ignore line: [/usr/bin/cc      -v CMakeFiles/cmTC_6053d.dir/CMakeCCompilerABI.c.o  -o cmTC_6053d  ]
  ignore line: [Using built-in specs.]
  ignore line: [COLLECT_GCC=/usr/bin/cc]
  ignore line: [COLLECT_LTO_WRAPPER=/usr/lib/gcc/x86_64-linux-gnu/5/lto-wrapper]
  ignore line: [Target: x86_64-linux-gnu]
  ignore line: [Configured with: ../src/configure -v --with-pkgversion='Ubuntu 5.2.1-23ubuntu1~12.04' --with-bugurl=file:///usr/share/doc/gcc-5/README.Bugs --enable-languages=c,ada,c++,java,go,d,fortran,objc,obj-c++ --prefix=/usr --program-suffix=-5 --enable-shared --enable-linker-build-id --libexecdir=/usr/lib --without-included-gettext --enable-threads=posix --libdir=/usr/lib --enable-nls --with-sysroot=/ --enable-clocale=gnu --enable-libstdcxx-debug --enable-libstdcxx-time=yes --with-default-libstdcxx-abi=gcc4-compatible --disable-libstdcxx-dual-abi --enable-gnu-unique-object --disable-vtable-verify --enable-plugin --with-system-zlib --disable-browser-plugin --enable-java-awt=gtk --enable-gtk-cairo --with-java-home=/usr/lib/jvm/java-1.5.0-gcj-5-amd64/jre --enable-java-home --with-jvm-root-dir=/usr/lib/jvm/java-1.5.0-gcj-5-amd64 --with-jvm-jar-dir=/usr/lib/jvm-exports/java-1.5.0-gcj-5-amd64 --with-arch-directory=amd64 --with-ecj-jar=/usr/share/java/eclipse-ecj.jar --enable-objc-gc --enable-multiarch --disable-werror --with-arch-32=i686 --with-abi=m64 --with-multilib-list=m32,m64 --enable-multilib --with-tune=generic --enable-checking=release --build=x86_64-linux-gnu --host=x86_64-linux-gnu --target=x86_64-linux-gnu]
  ignore line: [Thread model: posix]
  ignore line: [gcc version 5.2.1 20151031 (Ubuntu 5.2.1-23ubuntu1~12.04) ]
  ignore line: [COMPILER_PATH=/usr/lib/gcc/x86_64-linux-gnu/5/:/usr/lib/gcc/x86_64-linux-gnu/5/:/usr/lib/gcc/x86_64-linux-gnu/:/usr/lib/gcc/x86_64-linux-gnu/5/:/usr/lib/gcc/x86_64-linux-gnu/]
  ignore line: [LIBRARY_PATH=/usr/lib/gcc/x86_64-linux-gnu/5/:/usr/lib/gcc/x86_64-linux-gnu/5/../../../x86_64-linux-gnu/:/usr/lib/gcc/x86_64-linux-gnu/5/../../../../lib/:/lib/x86_64-linux-gnu/:/lib/../lib/:/usr/lib/x86_64-linux-gnu/:/usr/lib/../lib/:/usr/lib/gcc/x86_64-linux-gnu/5/../../../:/lib/:/usr/lib/]
  ignore line: [COLLECT_GCC_OPTIONS='-v' '-o' 'cmTC_6053d' '-mtune=generic' '-march=x86-64']
  link line: [ /usr/lib/gcc/x86_64-linux-gnu/5/collect2 -plugin /usr/lib/gcc/x86_64-linux-gnu/5/liblto_plugin.so -plugin-opt=/usr/lib/gcc/x86_64-linux-gnu/5/lto-wrapper -plugin-opt=-fresolution=/tmp/ccleUMg0.res -plugin-opt=-pass-through=-lgcc -plugin-opt=-pass-through=-lgcc_s -plugin-opt=-pass-through=-lc -plugin-opt=-pass-through=-lgcc -plugin-opt=-pass-through=-lgcc_s --sysroot=/ --build-id --eh-frame-hdr -m elf_x86_64 --hash-style=gnu --as-needed -dynamic-linker /lib64/ld-linux-x86-64.so.2 -z relro -o cmTC_6053d /usr/lib/gcc/x86_64-linux-gnu/5/../../../x86_64-linux-gnu/crt1.o /usr/lib/gcc/x86_64-linux-gnu/5/../../../x86_64-linux-gnu/crti.o /usr/lib/gcc/x86_64-linux-gnu/5/crtbegin.o -L/usr/lib/gcc/x86_64-linux-gnu/5 -L/usr/lib/gcc/x86_64-linux-gnu/5/../../../x86_64-linux-gnu -L/usr/lib/gcc/x86_64-linux-gnu/5/../../../../lib -L/lib/x86_64-linux-gnu -L/lib/../lib -L/usr/lib/x86_64-linux-gnu -L/usr/lib/../lib -L/usr/lib/gcc/x86_64-linux-gnu/5/../../.. CMakeFiles/cmTC_6053d.dir/CMakeCCompilerABI.c.o -lgcc --as-needed -lgcc_s --no-as-needed -lc -lgcc --as-needed -lgcc_s --no-as-needed /usr/lib/gcc/x86_64-linux-gnu/5/crtend.o /usr/lib/gcc/x86_64-linux-gnu/5/../../../x86_64-linux-gnu/crtn.o]
    arg [/usr/lib/gcc/x86_64-linux-gnu/5/collect2] ==> ignore
    arg [-plugin] ==> ignore
    arg [/usr/lib/gcc/x86_64-linux-gnu/5/liblto_plugin.so] ==> ignore
    arg [-plugin-opt=/usr/lib/gcc/x86_64-linux-gnu/5/lto-wrapper] ==> ignore
    arg [-plugin-opt=-fresolution=/tmp/ccleUMg0.res] ==> ignore
    arg [-plugin-opt=-pass-through=-lgcc] ==> ignore
    arg [-plugin-opt=-pass-through=-lgcc_s] ==> ignore
    arg [-plugin-opt=-pass-through=-lc] ==> ignore
    arg [-plugin-opt=-pass-through=-lgcc] ==> ignore
    arg [-plugin-opt=-pass-through=-lgcc_s] ==> ignore
    arg [--sysroot=/] ==> ignore
    arg [--build-id] ==> ignore
    arg [--eh-frame-hdr] ==> ignore
    arg [-m] ==> ignore
    arg [elf_x86_64] ==> ignore
    arg [--hash-style=gnu] ==> ignore
    arg [--as-needed] ==> ignore
    arg [-dynamic-linker] ==> ignore
    arg [/lib64/ld-linux-x86-64.so.2] ==> ignore
    arg [-zrelro] ==> ignore
    arg [-o] ==> ignore
    arg [cmTC_6053d] ==> ignore
    arg [/usr/lib/gcc/x86_64-linux-gnu/5/../../../x86_64-linux-gnu/crt1.o] ==> ignore
    arg [/usr/lib/gcc/x86_64-linux-gnu/5/../../../x86_64-linux-gnu/crti.o] ==> ignore
    arg [/usr/lib/gcc/x86_64-linux-gnu/5/crtbegin.o] ==> ignore
    arg [-L/usr/lib/gcc/x86_64-linux-gnu/5] ==> dir [/usr/lib/gcc/x86_64-linux-gnu/5]
    arg [-L/usr/lib/gcc/x86_64-linux-gnu/5/../../../x86_64-linux-gnu] ==> dir [/usr/lib/gcc/x86_64-linux-gnu/5/../../../x86_64-linux-gnu]
    arg [-L/usr/lib/gcc/x86_64-linux-gnu/5/../../../../lib] ==> dir [/usr/lib/gcc/x86_64-linux-gnu/5/../../../../lib]
    arg [-L/lib/x86_64-linux-gnu] ==> dir [/lib/x86_64-linux-gnu]
    arg [-L/lib/../lib] ==> dir [/lib/../lib]
    arg [-L/usr/lib/x86_64-linux-gnu] ==> dir [/usr/lib/x86_64-linux-gnu]
    arg [-L/usr/lib/../lib] ==> dir [/usr/lib/../lib]
    arg [-L/usr/lib/gcc/x86_64-linux-gnu/5/../../..] ==> dir [/usr/lib/gcc/x86_64-linux-gnu/5/../../..]
    arg [CMakeFiles/cmTC_6053d.dir/CMakeCCompilerABI.c.o] ==> ignore
    arg [-lgcc] ==> lib [gcc]
    arg [--as-needed] ==> ignore
    arg [-lgcc_s] ==> lib [gcc_s]
    arg [--no-as-needed] ==> ignore
    arg [-lc] ==> lib [c]
    arg [-lgcc] ==> lib [gcc]
    arg [--as-needed] ==> ignore
    arg [-lgcc_s] ==> lib [gcc_s]
    arg [--no-as-needed] ==> ignore
    arg [/usr/lib/gcc/x86_64-linux-gnu/5/crtend.o] ==> ignore
    arg [/usr/lib/gcc/x86_64-linux-gnu/5/../../../x86_64-linux-gnu/crtn.o] ==> ignore
  remove lib [gcc]
  remove lib [gcc_s]
  remove lib [gcc]
  remove lib [gcc_s]
  collapse library dir [/usr/lib/gcc/x86_64-linux-gnu/5] ==> [/usr/lib/gcc/x86_64-linux-gnu/5]
  collapse library dir [/usr/lib/gcc/x86_64-linux-gnu/5/../../../x86_64-linux-gnu] ==> [/usr/lib/x86_64-linux-gnu]
  collapse library dir [/usr/lib/gcc/x86_64-linux-gnu/5/../../../../lib] ==> [/usr/lib]
  collapse library dir [/lib/x86_64-linux-gnu] ==> [/lib/x86_64-linux-gnu]
  collapse library dir [/lib/../lib] ==> [/lib]
  collapse library dir [/usr/lib/x86_64-linux-gnu] ==> [/usr/lib/x86_64-linux-gnu]
  collapse library dir [/usr/lib/../lib] ==> [/usr/lib]
  collapse library dir [/usr/lib/gcc/x86_64-linux-gnu/5/../../..] ==> [/usr/lib]
  implicit libs: [c]
  implicit dirs: [/usr/lib/gcc/x86_64-linux-gnu/5;/usr/lib/x86_64-linux-gnu;/usr/lib;/lib/x86_64-linux-gnu;/lib]
  implicit fwks: []




Detecting C [-std=c11] compiler features compiled with the following output:
Change Dir: /u/qnie/research/MappingOpti/ALG/CMakeFiles/CMakeTmp

Run Build Command:"/usr/bin/make" "cmTC_0d705/fast"
/usr/bin/make -f CMakeFiles/cmTC_0d705.dir/build.make CMakeFiles/cmTC_0d705.dir/build
make[1]: Entering directory `/u/qnie/research/MappingOpti/ALG/CMakeFiles/CMakeTmp'
Building C object CMakeFiles/cmTC_0d705.dir/feature_tests.c.o
/usr/bin/cc    -std=c11 -o CMakeFiles/cmTC_0d705.dir/feature_tests.c.o   -c /u/qnie/research/MappingOpti/ALG/CMakeFiles/feature_tests.c
Linking C executable cmTC_0d705
/usr/local/bin/cmake -E cmake_link_script CMakeFiles/cmTC_0d705.dir/link.txt --verbose=1
/usr/bin/cc       CMakeFiles/cmTC_0d705.dir/feature_tests.c.o  -o cmTC_0d705 
make[1]: Leaving directory `/u/qnie/research/MappingOpti/ALG/CMakeFiles/CMakeTmp'


    Feature record: C_FEATURE:1c_function_prototypes
    Feature record: C_FEATURE:1c_restrict
    Feature record: C_FEATURE:1c_static_assert
    Feature record: C_FEATURE:1c_variadic_macros


Detecting C [-std=c99] compiler features compiled with the following output:
Change Dir: /u/qnie/research/MappingOpti/ALG/CMakeFiles/CMakeTmp

Run Build Command:"/usr/bin/make" "cmTC_03d82/fast"
/usr/bin/make -f CMakeFiles/cmTC_03d82.dir/build.make CMakeFiles/cmTC_03d82.dir/build
make[1]: Entering directory `/u/qnie/research/MappingOpti/ALG/CMakeFiles/CMakeTmp'
Building C object CMakeFiles/cmTC_03d82.dir/feature_tests.c.o
/usr/bin/cc    -std=c99 -o CMakeFiles/cmTC_03d82.dir/feature_tests.c.o   -c /u/qnie/research/MappingOpti/ALG/CMakeFiles/feature_tests.c
Linking C executable cmTC_03d82
/usr/local/bin/cmake -E cmake_link_script CMakeFiles/cmTC_03d82.dir/link.txt --verbose=1
/usr/bin/cc       CMakeFiles/cmTC_03d82.dir/feature_tests.c.o  -o cmTC_03d82 
make[1]: Leaving directory `/u/qnie/research/MappingOpti/ALG/CMakeFiles/CMakeTmp'


    Feature record: C_FEATURE:1c_function_prototypes
    Feature record: C_FEATURE:1c_restrict
    Feature record: C_FEATURE:0c_static_assert
    Feature record: C_FEATURE:1c_variadic_macros


Detecting C [-std=c90] compiler features compiled with the following output:
Change Dir: /u/qnie/research/MappingOpti/ALG/CMakeFiles/CMakeTmp

Run Build Command:"/usr/bin/make" "cmTC_028fc/fast"
/usr/bin/make -f CMakeFiles/cmTC_028fc.dir/build.make CMakeFiles/cmTC_028fc.dir/build
make[1]: Entering directory `/u/qnie/research/MappingOpti/ALG/CMakeFiles/CMakeTmp'
Building C object CMakeFiles/cmTC_028fc.dir/feature_tests.c.o
/usr/bin/cc    -std=c90 -o CMakeFiles/cmTC_028fc.dir/feature_tests.c.o   -c /u/qnie/research/MappingOpti/ALG/CMakeFiles/feature_tests.c
Linking C executable cmTC_028fc
/usr/local/bin/cmake -E cmake_link_script CMakeFiles/cmTC_028fc.dir/link.txt --verbose=1
/usr/bin/cc       CMakeFiles/cmTC_028fc.dir/feature_tests.c.o  -o cmTC_028fc 
make[1]: Leaving directory `/u/qnie/research/MappingOpti/ALG/CMakeFiles/CMakeTmp'


    Feature record: C_FEATURE:1c_function_prototypes
    Feature record: C_FEATURE:0c_restrict
    Feature record: C_FEATURE:0c_static_assert
    Feature record: C_FEATURE:0c_variadic_macros
Determining if the CXX compiler works passed with the following output:
Change Dir: /u/qnie/research/MappingOpti/ALG/CMakeFiles/CMakeTmp

Run Build Command:"/usr/bin/make" "cmTC_58d67/fast"
/usr/bin/make -f CMakeFiles/cmTC_58d67.dir/build.make CMakeFiles/cmTC_58d67.dir/build
make[1]: Entering directory `/u/qnie/research/MappingOpti/ALG/CMakeFiles/CMakeTmp'
Building CXX object CMakeFiles/cmTC_58d67.dir/testCXXCompiler.cxx.o
/usr/bin/c++      -o CMakeFiles/cmTC_58d67.dir/testCXXCompiler.cxx.o -c /u/qnie/research/MappingOpti/ALG/CMakeFiles/CMakeTmp/testCXXCompiler.cxx
Linking CXX executable cmTC_58d67
/usr/local/bin/cmake -E cmake_link_script CMakeFiles/cmTC_58d67.dir/link.txt --verbose=1
/usr/bin/c++        CMakeFiles/cmTC_58d67.dir/testCXXCompiler.cxx.o  -o cmTC_58d67 
make[1]: Leaving directory `/u/qnie/research/MappingOpti/ALG/CMakeFiles/CMakeTmp'


Detecting CXX compiler ABI info compiled with the following output:
Change Dir: /u/qnie/research/MappingOpti/ALG/CMakeFiles/CMakeTmp

Run Build Command:"/usr/bin/make" "cmTC_3e00a/fast"
/usr/bin/make -f CMakeFiles/cmTC_3e00a.dir/build.make CMakeFiles/cmTC_3e00a.dir/build
make[1]: Entering directory `/u/qnie/research/MappingOpti/ALG/CMakeFiles/CMakeTmp'
Building CXX object CMakeFiles/cmTC_3e00a.dir/CMakeCXXCompilerABI.cpp.o
/usr/bin/c++      -o CMakeFiles/cmTC_3e00a.dir/CMakeCXXCompilerABI.cpp.o -c /usr/local/share/cmake-3.6/Modules/CMakeCXXCompilerABI.cpp
Linking CXX executable cmTC_3e00a
/usr/local/bin/cmake -E cmake_link_script CMakeFiles/cmTC_3e00a.dir/link.txt --verbose=1
/usr/bin/c++       -v CMakeFiles/cmTC_3e00a.dir/CMakeCXXCompilerABI.cpp.o  -o cmTC_3e00a  
Using built-in specs.
COLLECT_GCC=/usr/bin/c++
COLLECT_LTO_WRAPPER=/usr/lib/gcc/x86_64-linux-gnu/5/lto-wrapper
Target: x86_64-linux-gnu
Configured with: ../src/configure -v --with-pkgversion='Ubuntu 5.2.1-23ubuntu1~12.04' --with-bugurl=file:///usr/share/doc/gcc-5/README.Bugs --enable-languages=c,ada,c++,java,go,d,fortran,objc,obj-c++ --prefix=/usr --program-suffix=-5 --enable-shared --enable-linker-build-id --libexecdir=/usr/lib --without-included-gettext --enable-threads=posix --libdir=/usr/lib --enable-nls --with-sysroot=/ --enable-clocale=gnu --enable-libstdcxx-debug --enable-libstdcxx-time=yes --with-default-libstdcxx-abi=gcc4-compatible --disable-libstdcxx-dual-abi --enable-gnu-unique-object --disable-vtable-verify --enable-plugin --with-system-zlib --disable-browser-plugin --enable-java-awt=gtk --enable-gtk-cairo --with-java-home=/usr/lib/jvm/java-1.5.0-gcj-5-amd64/jre --enable-java-home --with-jvm-root-dir=/usr/lib/jvm/java-1.5.0-gcj-5-amd64 --with-jvm-jar-dir=/usr/lib/jvm-exports/java-1.5.0-gcj-5-amd64 --with-arch-directory=amd64 --with-ecj-jar=/usr/share/java/eclipse-ecj.jar --enable-objc-gc --enable-multiarch --disable-werror --with-arch-32=i686 --with-abi=m64 --with-multilib-list=m32,m64 --enable-multilib --with-tune=generic --enable-checking=release --build=x86_64-linux-gnu --host=x86_64-linux-gnu --target=x86_64-linux-gnu
Thread model: posix
gcc version 5.2.1 20151031 (Ubuntu 5.2.1-23ubuntu1~12.04) 
COMPILER_PATH=/usr/lib/gcc/x86_64-linux-gnu/5/:/usr/lib/gcc/x86_64-linux-gnu/5/:/usr/lib/gcc/x86_64-linux-gnu/:/usr/lib/gcc/x86_64-linux-gnu/5/:/usr/lib/gcc/x86_64-linux-gnu/
LIBRARY_PATH=/usr/lib/gcc/x86_64-linux-gnu/5/:/usr/lib/gcc/x86_64-linux-gnu/5/../../../x86_64-linux-gnu/:/usr/lib/gcc/x86_64-linux-gnu/5/../../../../lib/:/lib/x86_64-linux-gnu/:/lib/../lib/:/usr/lib/x86_64-linux-gnu/:/usr/lib/../lib/:/usr/lib/gcc/x86_64-linux-gnu/5/../../../:/lib/:/usr/lib/
COLLECT_GCC_OPTIONS='-v' '-o' 'cmTC_3e00a' '-shared-libgcc' '-mtune=generic' '-march=x86-64'
 /usr/lib/gcc/x86_64-linux-gnu/5/collect2 -plugin /usr/lib/gcc/x86_64-linux-gnu/5/liblto_plugin.so -plugin-opt=/usr/lib/gcc/x86_64-linux-gnu/5/lto-wrapper -plugin-opt=-fresolution=/tmp/ccTUICoZ.res -plugin-opt=-pass-through=-lgcc_s -plugin-opt=-pass-through=-lgcc -plugin-opt=-pass-through=-lc -plugin-opt=-pass-through=-lgcc_s -plugin-opt=-pass-through=-lgcc --sysroot=/ --build-id --eh-frame-hdr -m elf_x86_64 --hash-style=gnu --as-needed -dynamic-linker /lib64/ld-linux-x86-64.so.2 -z relro -o cmTC_3e00a /usr/lib/gcc/x86_64-linux-gnu/5/../../../x86_64-linux-gnu/crt1.o /usr/lib/gcc/x86_64-linux-gnu/5/../../../x86_64-linux-gnu/crti.o /usr/lib/gcc/x86_64-linux-gnu/5/crtbegin.o -L/usr/lib/gcc/x86_64-linux-gnu/5 -L/usr/lib/gcc/x86_64-linux-gnu/5/../../../x86_64-linux-gnu -L/usr/lib/gcc/x86_64-linux-gnu/5/../../../../lib -L/lib/x86_64-linux-gnu -L/lib/../lib -L/usr/lib/x86_64-linux-gnu -L/usr/lib/../lib -L/usr/lib/gcc/x86_64-linux-gnu/5/../../.. CMakeFiles/cmTC_3e00a.dir/CMakeCXXCompilerABI.cpp.o -lstdc++ -lm -lgcc_s -lgcc -lc -lgcc_s -lgcc /usr/lib/gcc/x86_64-linux-gnu/5/crtend.o /usr/lib/gcc/x86_64-linux-gnu/5/../../../x86_64-linux-gnu/crtn.o
make[1]: Leaving directory `/u/qnie/research/MappingOpti/ALG/CMakeFiles/CMakeTmp'


Parsed CXX implicit link information from above output:
  link line regex: [^( *|.*[/\])(ld|([^/\]+-)?ld|collect2)[^/\]*( |$)]
  ignore line: [Change Dir: /u/qnie/research/MappingOpti/ALG/CMakeFiles/CMakeTmp]
  ignore line: []
  ignore line: [Run Build Command:"/usr/bin/make" "cmTC_3e00a/fast"]
  ignore line: [/usr/bin/make -f CMakeFiles/cmTC_3e00a.dir/build.make CMakeFiles/cmTC_3e00a.dir/build]
  ignore line: [make[1]: Entering directory `/u/qnie/research/MappingOpti/ALG/CMakeFiles/CMakeTmp']
  ignore line: [Building CXX object CMakeFiles/cmTC_3e00a.dir/CMakeCXXCompilerABI.cpp.o]
  ignore line: [/usr/bin/c++      -o CMakeFiles/cmTC_3e00a.dir/CMakeCXXCompilerABI.cpp.o -c /usr/local/share/cmake-3.6/Modules/CMakeCXXCompilerABI.cpp]
  ignore line: [Linking CXX executable cmTC_3e00a]
  ignore line: [/usr/local/bin/cmake -E cmake_link_script CMakeFiles/cmTC_3e00a.dir/link.txt --verbose=1]
  ignore line: [/usr/bin/c++       -v CMakeFiles/cmTC_3e00a.dir/CMakeCXXCompilerABI.cpp.o  -o cmTC_3e00a  ]
  ignore line: [Using built-in specs.]
  ignore line: [COLLECT_GCC=/usr/bin/c++]
  ignore line: [COLLECT_LTO_WRAPPER=/usr/lib/gcc/x86_64-linux-gnu/5/lto-wrapper]
  ignore line: [Target: x86_64-linux-gnu]
  ignore line: [Configured with: ../src/configure -v --with-pkgversion='Ubuntu 5.2.1-23ubuntu1~12.04' --with-bugurl=file:///usr/share/doc/gcc-5/README.Bugs --enable-languages=c,ada,c++,java,go,d,fortran,objc,obj-c++ --prefix=/usr --program-suffix=-5 --enable-shared --enable-linker-build-id --libexecdir=/usr/lib --without-included-gettext --enable-threads=posix --libdir=/usr/lib --enable-nls --with-sysroot=/ --enable-clocale=gnu --enable-libstdcxx-debug --enable-libstdcxx-time=yes --with-default-libstdcxx-abi=gcc4-compatible --disable-libstdcxx-dual-abi --enable-gnu-unique-object --disable-vtable-verify --enable-plugin --with-system-zlib --disable-browser-plugin --enable-java-awt=gtk --enable-gtk-cairo --with-java-home=/usr/lib/jvm/java-1.5.0-gcj-5-amd64/jre --enable-java-home --with-jvm-root-dir=/usr/lib/jvm/java-1.5.0-gcj-5-amd64 --with-jvm-jar-dir=/usr/lib/jvm-exports/java-1.5.0-gcj-5-amd64 --with-arch-directory=amd64 --with-ecj-jar=/usr/share/java/eclipse-ecj.jar --enable-objc-gc --enable-multiarch --disable-werror --with-arch-32=i686 --with-abi=m64 --with-multilib-list=m32,m64 --enable-multilib --with-tune=generic --enable-checking=release --build=x86_64-linux-gnu --host=x86_64-linux-gnu --target=x86_64-linux-gnu]
  ignore line: [Thread model: posix]
  ignore line: [gcc version 5.2.1 20151031 (Ubuntu 5.2.1-23ubuntu1~12.04) ]
  ignore line: [COMPILER_PATH=/usr/lib/gcc/x86_64-linux-gnu/5/:/usr/lib/gcc/x86_64-linux-gnu/5/:/usr/lib/gcc/x86_64-linux-gnu/:/usr/lib/gcc/x86_64-linux-gnu/5/:/usr/lib/gcc/x86_64-linux-gnu/]
  ignore line: [LIBRARY_PATH=/usr/lib/gcc/x86_64-linux-gnu/5/:/usr/lib/gcc/x86_64-linux-gnu/5/../../../x86_64-linux-gnu/:/usr/lib/gcc/x86_64-linux-gnu/5/../../../../lib/:/lib/x86_64-linux-gnu/:/lib/../lib/:/usr/lib/x86_64-linux-gnu/:/usr/lib/../lib/:/usr/lib/gcc/x86_64-linux-gnu/5/../../../:/lib/:/usr/lib/]
  ignore line: [COLLECT_GCC_OPTIONS='-v' '-o' 'cmTC_3e00a' '-shared-libgcc' '-mtune=generic' '-march=x86-64']
  link line: [ /usr/lib/gcc/x86_64-linux-gnu/5/collect2 -plugin /usr/lib/gcc/x86_64-linux-gnu/5/liblto_plugin.so -plugin-opt=/usr/lib/gcc/x86_64-linux-gnu/5/lto-wrapper -plugin-opt=-fresolution=/tmp/ccTUICoZ.res -plugin-opt=-pass-through=-lgcc_s -plugin-opt=-pass-through=-lgcc -plugin-opt=-pass-through=-lc -plugin-opt=-pass-through=-lgcc_s -plugin-opt=-pass-through=-lgcc --sysroot=/ --build-id --eh-frame-hdr -m elf_x86_64 --hash-style=gnu --as-needed -dynamic-linker /lib64/ld-linux-x86-64.so.2 -z relro -o cmTC_3e00a /usr/lib/gcc/x86_64-linux-gnu/5/../../../x86_64-linux-gnu/crt1.o /usr/lib/gcc/x86_64-linux-gnu/5/../../../x86_64-linux-gnu/crti.o /usr/lib/gcc/x86_64-linux-gnu/5/crtbegin.o -L/usr/lib/gcc/x86_64-linux-gnu/5 -L/usr/lib/gcc/x86_64-linux-gnu/5/../../../x86_64-linux-gnu -L/usr/lib/gcc/x86_64-linux-gnu/5/../../../../lib -L/lib/x86_64-linux-gnu -L/lib/../lib -L/usr/lib/x86_64-linux-gnu -L/usr/lib/../lib -L/usr/lib/gcc/x86_64-linux-gnu/5/../../.. CMakeFiles/cmTC_3e00a.dir/CMakeCXXCompilerABI.cpp.o -lstdc++ -lm -lgcc_s -lgcc -lc -lgcc_s -lgcc /usr/lib/gcc/x86_64-linux-gnu/5/crtend.o /usr/lib/gcc/x86_64-linux-gnu/5/../../../x86_64-linux-gnu/crtn.o]
    arg [/usr/lib/gcc/x86_64-linux-gnu/5/collect2] ==> ignore
    arg [-plugin] ==> ignore
    arg [/usr/lib/gcc/x86_64-linux-gnu/5/liblto_plugin.so] ==> ignore
    arg [-plugin-opt=/usr/lib/gcc/x86_64-linux-gnu/5/lto-wrapper] ==> ignore
    arg [-plugin-opt=-fresolution=/tmp/ccTUICoZ.res] ==> ignore
    arg [-plugin-opt=-pass-through=-lgcc_s] ==> ignore
    arg [-plugin-opt=-pass-through=-lgcc] ==> ignore
    arg [-plugin-opt=-pass-through=-lc] ==> ignore
    arg [-plugin-opt=-pass-through=-lgcc_s] ==> ignore
    arg [-plugin-opt=-pass-through=-lgcc] ==> ignore
    arg [--sysroot=/] ==> ignore
    arg [--build-id] ==> ignore
    arg [--eh-frame-hdr] ==> ignore
    arg [-m] ==> ignore
    arg [elf_x86_64] ==> ignore
    arg [--hash-style=gnu] ==> ignore
    arg [--as-needed] ==> ignore
    arg [-dynamic-linker] ==> ignore
    arg [/lib64/ld-linux-x86-64.so.2] ==> ignore
    arg [-zrelro] ==> ignore
    arg [-o] ==> ignore
    arg [cmTC_3e00a] ==> ignore
    arg [/usr/lib/gcc/x86_64-linux-gnu/5/../../../x86_64-linux-gnu/crt1.o] ==> ignore
    arg [/usr/lib/gcc/x86_64-linux-gnu/5/../../../x86_64-linux-gnu/crti.o] ==> ignore
    arg [/usr/lib/gcc/x86_64-linux-gnu/5/crtbegin.o] ==> ignore
    arg [-L/usr/lib/gcc/x86_64-linux-gnu/5] ==> dir [/usr/lib/gcc/x86_64-linux-gnu/5]
    arg [-L/usr/lib/gcc/x86_64-linux-gnu/5/../../../x86_64-linux-gnu] ==> dir [/usr/lib/gcc/x86_64-linux-gnu/5/../../../x86_64-linux-gnu]
    arg [-L/usr/lib/gcc/x86_64-linux-gnu/5/../../../../lib] ==> dir [/usr/lib/gcc/x86_64-linux-gnu/5/../../../../lib]
    arg [-L/lib/x86_64-linux-gnu] ==> dir [/lib/x86_64-linux-gnu]
    arg [-L/lib/../lib] ==> dir [/lib/../lib]
    arg [-L/usr/lib/x86_64-linux-gnu] ==> dir [/usr/lib/x86_64-linux-gnu]
    arg [-L/usr/lib/../lib] ==> dir [/usr/lib/../lib]
    arg [-L/usr/lib/gcc/x86_64-linux-gnu/5/../../..] ==> dir [/usr/lib/gcc/x86_64-linux-gnu/5/../../..]
    arg [CMakeFiles/cmTC_3e00a.dir/CMakeCXXCompilerABI.cpp.o] ==> ignore
    arg [-lstdc++] ==> lib [stdc++]
    arg [-lm] ==> lib [m]
    arg [-lgcc_s] ==> lib [gcc_s]
    arg [-lgcc] ==> lib [gcc]
    arg [-lc] ==> lib [c]
    arg [-lgcc_s] ==> lib [gcc_s]
    arg [-lgcc] ==> lib [gcc]
    arg [/usr/lib/gcc/x86_64-linux-gnu/5/crtend.o] ==> ignore
    arg [/usr/lib/gcc/x86_64-linux-gnu/5/../../../x86_64-linux-gnu/crtn.o] ==> ignore
  remove lib [gcc_s]
  remove lib [gcc]
  remove lib [gcc_s]
  remove lib [gcc]
  collapse library dir [/usr/lib/gcc/x86_64-linux-gnu/5] ==> [/usr/lib/gcc/x86_64-linux-gnu/5]
  collapse library dir [/usr/lib/gcc/x86_64-linux-gnu/5/../../../x86_64-linux-gnu] ==> [/usr/lib/x86_64-linux-gnu]
  collapse library dir [/usr/lib/gcc/x86_64-linux-gnu/5/../../../../lib] ==> [/usr/lib]
  collapse library dir [/lib/x86_64-linux-gnu] ==> [/lib/x86_64-linux-gnu]
  collapse library dir [/lib/../lib] ==> [/lib]
  collapse library dir [/usr/lib/x86_64-linux-gnu] ==> [/usr/lib/x86_64-linux-gnu]
  collapse library dir [/usr/lib/../lib] ==> [/usr/lib]
  collapse library dir [/usr/lib/gcc/x86_64-linux-gnu/5/../../..] ==> [/usr/lib]
  implicit libs: [stdc++;m;c]
  implicit dirs: [/usr/lib/gcc/x86_64-linux-gnu/5;/usr/lib/x86_64-linux-gnu;/usr/lib;/lib/x86_64-linux-gnu;/lib]
  implicit fwks: []




Detecting CXX [-std=c++14] compiler features compiled with the following output:
Change Dir: /u/qnie/research/MappingOpti/ALG/CMakeFiles/CMakeTmp

Run Build Command:"/usr/bin/make" "cmTC_878a4/fast"
/usr/bin/make -f CMakeFiles/cmTC_878a4.dir/build.make CMakeFiles/cmTC_878a4.dir/build
make[1]: Entering directory `/u/qnie/research/MappingOpti/ALG/CMakeFiles/CMakeTmp'
Building CXX object CMakeFiles/cmTC_878a4.dir/feature_tests.cxx.o
/usr/bin/c++     -std=c++14 -o CMakeFiles/cmTC_878a4.dir/feature_tests.cxx.o -c /u/qnie/research/MappingOpti/ALG/CMakeFiles/feature_tests.cxx
Linking CXX executable cmTC_878a4
/usr/local/bin/cmake -E cmake_link_script CMakeFiles/cmTC_878a4.dir/link.txt --verbose=1
/usr/bin/c++        CMakeFiles/cmTC_878a4.dir/feature_tests.cxx.o  -o cmTC_878a4 
make[1]: Leaving directory `/u/qnie/research/MappingOpti/ALG/CMakeFiles/CMakeTmp'


    Feature record: CXX_FEATURE:1cxx_aggregate_default_initializers
    Feature record: CXX_FEATURE:1cxx_alias_templates
    Feature record: CXX_FEATURE:1cxx_alignas
    Feature record: CXX_FEATURE:1cxx_alignof
    Feature record: CXX_FEATURE:1cxx_attributes
    Feature record: CXX_FEATURE:1cxx_attribute_deprecated
    Feature record: CXX_FEATURE:1cxx_auto_type
    Feature record: CXX_FEATURE:1cxx_binary_literals
    Feature record: CXX_FEATURE:1cxx_constexpr
    Feature record: CXX_FEATURE:1cxx_contextual_conversions
    Feature record: CXX_FEATURE:1cxx_decltype
    Feature record: CXX_FEATURE:1cxx_decltype_auto
    Feature record: CXX_FEATURE:1cxx_decltype_incomplete_return_types
    Feature record: CXX_FEATURE:1cxx_default_function_template_args
    Feature record: CXX_FEATURE:1cxx_defaulted_functions
    Feature record: CXX_FEATURE:1cxx_defaulted_move_initializers
    Feature record: CXX_FEATURE:1cxx_delegating_constructors
    Feature record: CXX_FEATURE:1cxx_deleted_functions
    Feature record: CXX_FEATURE:1cxx_digit_separators
    Feature record: CXX_FEATURE:1cxx_enum_forward_declarations
    Feature record: CXX_FEATURE:1cxx_explicit_conversions
    Feature record: CXX_FEATURE:1cxx_extended_friend_declarations
    Feature record: CXX_FEATURE:1cxx_extern_templates
    Feature record: CXX_FEATURE:1cxx_final
    Feature record: CXX_FEATURE:1cxx_func_identifier
    Feature record: CXX_FEATURE:1cxx_generalized_initializers
    Feature record: CXX_FEATURE:1cxx_generic_lambdas
    Feature record: CXX_FEATURE:1cxx_inheriting_constructors
    Feature record: CXX_FEATURE:1cxx_inline_namespaces
    Feature record: CXX_FEATURE:1cxx_lambdas
    Feature record: CXX_FEATURE:1cxx_lambda_init_captures
    Feature record: CXX_FEATURE:1cxx_local_type_template_args
    Feature record: CXX_FEATURE:1cxx_long_long_type
    Feature record: CXX_FEATURE:1cxx_noexcept
    Feature record: CXX_FEATURE:1cxx_nonstatic_member_init
    Feature record: CXX_FEATURE:1cxx_nullptr
    Feature record: CXX_FEATURE:1cxx_override
    Feature record: CXX_FEATURE:1cxx_range_for
    Feature record: CXX_FEATURE:1cxx_raw_string_literals
    Feature record: CXX_FEATURE:1cxx_reference_qualified_functions
    Feature record: CXX_FEATURE:1cxx_relaxed_constexpr
    Feature record: CXX_FEATURE:1cxx_return_type_deduction
    Feature record: CXX_FEATURE:1cxx_right_angle_brackets
    Feature record: CXX_FEATURE:1cxx_rvalue_references
    Feature record: CXX_FEATURE:1cxx_sizeof_member
    Feature record: CXX_FEATURE:1cxx_static_assert
    Feature record: CXX_FEATURE:1cxx_strong_enums
    Feature record: CXX_FEATURE:1cxx_template_template_parameters
    Feature record: CXX_FEATURE:1cxx_thread_local
    Feature record: CXX_FEATURE:1cxx_trailing_return_types
    Feature record: CXX_FEATURE:1cxx_unicode_literals
    Feature record: CXX_FEATURE:1cxx_uniform_initialization
    Feature record: CXX_FEATURE:1cxx_unrestricted_unions
    Feature record: CXX_FEATURE:1cxx_user_literals
    Feature record: CXX_FEATURE:1cxx_variable_templates
    Feature record: CXX_FEATURE:1cxx_variadic_macros
    Feature record: CXX_FEATURE:1cxx_variadic_templates


Detecting CXX [-std=c++11] compiler features compiled with the following output:
Change Dir: /u/qnie/research/MappingOpti/ALG/CMakeFiles/CMakeTmp

Run Build Command:"/usr/bin/make" "cmTC_7d66b/fast"
/usr/bin/make -f CMakeFiles/cmTC_7d66b.dir/build.make CMakeFiles/cmTC_7d66b.dir/build
make[1]: Entering directory `/u/qnie/research/MappingOpti/ALG/CMakeFiles/CMakeTmp'
Building CXX object CMakeFiles/cmTC_7d66b.dir/feature_tests.cxx.o
/usr/bin/c++     -std=c++11 -o CMakeFiles/cmTC_7d66b.dir/feature_tests.cxx.o -c /u/qnie/research/MappingOpti/ALG/CMakeFiles/feature_tests.cxx
Linking CXX executable cmTC_7d66b
/usr/local/bin/cmake -E cmake_link_script CMakeFiles/cmTC_7d66b.dir/link.txt --verbose=1
/usr/bin/c++        CMakeFiles/cmTC_7d66b.dir/feature_tests.cxx.o  -o cmTC_7d66b 
make[1]: Leaving directory `/u/qnie/research/MappingOpti/ALG/CMakeFiles/CMakeTmp'


    Feature record: CXX_FEATURE:0cxx_aggregate_default_initializers
    Feature record: CXX_FEATURE:1cxx_alias_templates
    Feature record: CXX_FEATURE:1cxx_alignas
    Feature record: CXX_FEATURE:1cxx_alignof
    Feature record: CXX_FEATURE:1cxx_attributes
    Feature record: CXX_FEATURE:0cxx_attribute_deprecated
    Feature record: CXX_FEATURE:1cxx_auto_type
    Feature record: CXX_FEATURE:0cxx_binary_literals
    Feature record: CXX_FEATURE:1cxx_constexpr
    Feature record: CXX_FEATURE:0cxx_contextual_conversions
    Feature record: CXX_FEATURE:1cxx_decltype
    Feature record: CXX_FEATURE:0cxx_decltype_auto
    Feature record: CXX_FEATURE:1cxx_decltype_incomplete_return_types
    Feature record: CXX_FEATURE:1cxx_default_function_template_args
    Feature record: CXX_FEATURE:1cxx_defaulted_functions
    Feature record: CXX_FEATURE:1cxx_defaulted_move_initializers
    Feature record: CXX_FEATURE:1cxx_delegating_constructors
    Feature record: CXX_FEATURE:1cxx_deleted_functions
    Feature record: CXX_FEATURE:0cxx_digit_separators
    Feature record: CXX_FEATURE:1cxx_enum_forward_declarations
    Feature record: CXX_FEATURE:1cxx_explicit_conversions
    Feature record: CXX_FEATURE:1cxx_extended_friend_declarations
    Feature record: CXX_FEATURE:1cxx_extern_templates
    Feature record: CXX_FEATURE:1cxx_final
    Feature record: CXX_FEATURE:1cxx_func_identifier
    Feature record: CXX_FEATURE:1cxx_generalized_initializers
    Feature record: CXX_FEATURE:0cxx_generic_lambdas
    Feature record: CXX_FEATURE:1cxx_inheriting_constructors
    Feature record: CXX_FEATURE:1cxx_inline_namespaces
    Feature record: CXX_FEATURE:1cxx_lambdas
    Feature record: CXX_FEATURE:0cxx_lambda_init_captures
    Feature record: CXX_FEATURE:1cxx_local_type_template_args
    Feature record: CXX_FEATURE:1cxx_long_long_type
    Feature record: CXX_FEATURE:1cxx_noexcept
    Feature record: CXX_FEATURE:1cxx_nonstatic_member_init
    Feature record: CXX_FEATURE:1cxx_nullptr
    Feature record: CXX_FEATURE:1cxx_override
    Feature record: CXX_FEATURE:1cxx_range_for
    Feature record: CXX_FEATURE:1cxx_raw_string_literals
    Feature record: CXX_FEATURE:1cxx_reference_qualified_functions
    Feature record: CXX_FEATURE:0cxx_relaxed_constexpr
    Feature record: CXX_FEATURE:0cxx_return_type_deduction
    Feature record: CXX_FEATURE:1cxx_right_angle_brackets
    Feature record: CXX_FEATURE:1cxx_rvalue_references
    Feature record: CXX_FEATURE:1cxx_sizeof_member
    Feature record: CXX_FEATURE:1cxx_static_assert
    Feature record: CXX_FEATURE:1cxx_strong_enums
    Feature record: CXX_FEATURE:1cxx_template_template_parameters
    Feature record: CXX_FEATURE:1cxx_thread_local
    Feature record: CXX_FEATURE:1cxx_trailing_return_types
    Feature record: CXX_FEATURE:1cxx_unicode_literals
    Feature record: CXX_FEATURE:1cxx_uniform_initialization
    Feature record: CXX_FEATURE:1cxx_unrestricted_unions
    Feature record: CXX_FEATURE:1cxx_user_literals
    Feature record: CXX_FEATURE:0cxx_variable_templates
    Feature record: CXX_FEATURE:1cxx_variadic_macros
    Feature record: CXX_FEATURE:1cxx_variadic_templates


Detecting CXX [-std=c++98] compiler features compiled with the following output:
Change Dir: /u/qnie/research/MappingOpti/ALG/CMakeFiles/CMakeTmp

Run Build Command:"/usr/bin/make" "cmTC_409a1/fast"
/usr/bin/make -f CMakeFiles/cmTC_409a1.dir/build.make CMakeFiles/cmTC_409a1.dir/build
make[1]: Entering directory `/u/qnie/research/MappingOpti/ALG/CMakeFiles/CMakeTmp'
Building CXX object CMakeFiles/cmTC_409a1.dir/feature_tests.cxx.o
/usr/bin/c++     -std=c++98 -o CMakeFiles/cmTC_409a1.dir/feature_tests.cxx.o -c /u/qnie/research/MappingOpti/ALG/CMakeFiles/feature_tests.cxx
Linking CXX executable cmTC_409a1
/usr/local/bin/cmake -E cmake_link_script CMakeFiles/cmTC_409a1.dir/link.txt --verbose=1
/usr/bin/c++        CMakeFiles/cmTC_409a1.dir/feature_tests.cxx.o  -o cmTC_409a1 
make[1]: Leaving directory `/u/qnie/research/MappingOpti/ALG/CMakeFiles/CMakeTmp'


    Feature record: CXX_FEATURE:0cxx_aggregate_default_initializers
    Feature record: CXX_FEATURE:0cxx_alias_templates
    Feature record: CXX_FEATURE:0cxx_alignas
    Feature record: CXX_FEATURE:0cxx_alignof
    Feature record: CXX_FEATURE:0cxx_attributes
    Feature record: CXX_FEATURE:0cxx_attribute_deprecated
    Feature record: CXX_FEATURE:0cxx_auto_type
    Feature record: CXX_FEATURE:0cxx_binary_literals
    Feature record: CXX_FEATURE:0cxx_constexpr
    Feature record: CXX_FEATURE:0cxx_contextual_conversions
    Feature record: CXX_FEATURE:0cxx_decltype
    Feature record: CXX_FEATURE:0cxx_decltype_auto
    Feature record: CXX_FEATURE:0cxx_decltype_incomplete_return_types
    Feature record: CXX_FEATURE:0cxx_default_function_template_args
    Feature record: CXX_FEATURE:0cxx_defaulted_functions
    Feature record: CXX_FEATURE:0cxx_defaulted_move_initializers
    Feature record: CXX_FEATURE:0cxx_delegating_constructors
    Feature record: CXX_FEATURE:0cxx_deleted_functions
    Feature record: CXX_FEATURE:0cxx_digit_separators
    Feature record: CXX_FEATURE:0cxx_enum_forward_declarations
    Feature record: CXX_FEATURE:0cxx_explicit_conversions
    Feature record: CXX_FEATURE:0cxx_extended_friend_declarations
    Feature record: CXX_FEATURE:0cxx_extern_templates
    Feature record: CXX_FEATURE:0cxx_final
    Feature record: CXX_FEATURE:0cxx_func_identifier
    Feature record: CXX_FEATURE:0cxx_generalized_initializers
    Feature record: CXX_FEATURE:0cxx_generic_lambdas
    Feature record: CXX_FEATURE:0cxx_inheriting_constructors
    Feature record: CXX_FEATURE:0cxx_inline_namespaces
    Feature record: CXX_FEATURE:0cxx_lambdas
    Feature record: CXX_FEATURE:0cxx_lambda_init_captures
    Feature record: CXX_FEATURE:0cxx_local_type_template_args
    Feature record: CXX_FEATURE:0cxx_long_long_type
    Feature record: CXX_FEATURE:0cxx_noexcept
    Feature record: CXX_FEATURE:0cxx_nonstatic_member_init
    Feature record: CXX_FEATURE:0cxx_nullptr
    Feature record: CXX_FEATURE:0cxx_override
    Feature record: CXX_FEATURE:0cxx_range_for
    Feature record: CXX_FEATURE:0cxx_raw_string_literals
    Feature record: CXX_FEATURE:0cxx_reference_qualified_functions
    Feature record: CXX_FEATURE:0cxx_relaxed_constexpr
    Feature record: CXX_FEATURE:0cxx_return_type_deduction
    Feature record: CXX_FEATURE:0cxx_right_angle_brackets
    Feature record: CXX_FEATURE:0cxx_rvalue_references
    Feature record: CXX_FEATURE:0cxx_sizeof_member
    Feature record: CXX_FEATURE:0cxx_static_assert
    Feature record: CXX_FEATURE:0cxx_strong_enums
    Feature record: CXX_FEATURE:1cxx_template_template_parameters
    Feature record: CXX_FEATURE:0cxx_thread_local
    Feature record: CXX_FEATURE:0cxx_trailing_return_types
    Feature record: CXX_FEATURE:0cxx_unicode_literals
    Feature record: CXX_FEATURE:0cxx_uniform_initialization
    Feature record: CXX_FEATURE:0cxx_unrestricted_unions
    Feature record: CXX_FEATURE:0cxx_user_literals
    Feature record: CXX_FEATURE:0cxx_variable_templates
    Feature record: CXX_FEATURE:0cxx_variadic_macros
    Feature record: CXX_FEATURE:0cxx_variadic_templates
The system is: Linux - 3.2.0-38-generic - x86_64
Compiling the C compiler identification source file "CMakeCCompilerId.c" succeeded.
Compiler: /usr/bin/cc 
Build flags: 
Id flags: 

The output was:
0


Compilation of the C compiler identification source "CMakeCCompilerId.c" produced "a.out"

The C compiler identification is GNU, found in "/u/qnie/research/MappingOpti/ALG/CMakeFiles/3.7.0/CompilerIdC/a.out"

Compiling the CXX compiler identification source file "CMakeCXXCompilerId.cpp" succeeded.
Compiler: /usr/bin/c++ 
Build flags: 
Id flags: 

The output was:
0


Compilation of the CXX compiler identification source "CMakeCXXCompilerId.cpp" produced "a.out"

The CXX compiler identification is GNU, found in "/u/qnie/research/MappingOpti/ALG/CMakeFiles/3.7.0/CompilerIdCXX/a.out"

Determining if the C compiler works passed with the following output:
Change Dir: /u/qnie/research/MappingOpti/ALG/CMakeFiles/CMakeTmp

Run Build Command:"/usr/bin/make" "cmTC_ee7bd/fast"
make[1]: Entering directory `/u/qnie/research/MappingOpti/ALG/CMakeFiles/CMakeTmp'
make[1]: Warning: File `Makefile' has modification time 1.1e+02 s in the future
/usr/bin/make -f CMakeFiles/cmTC_ee7bd.dir/build.make CMakeFiles/cmTC_ee7bd.dir/build
make[2]: Entering directory `/u/qnie/research/MappingOpti/ALG/CMakeFiles/CMakeTmp'
make[2]: Warning: File `CMakeFiles/cmTC_ee7bd.dir/flags.make' has modification time 1.1e+02 s in the future
Building C object CMakeFiles/cmTC_ee7bd.dir/testCCompiler.c.o
/usr/bin/cc     -o CMakeFiles/cmTC_ee7bd.dir/testCCompiler.c.o   -c /u/qnie/research/MappingOpti/ALG/CMakeFiles/CMakeTmp/testCCompiler.c
Linking C executable cmTC_ee7bd
/usr/local/bin/cmake -E cmake_link_script CMakeFiles/cmTC_ee7bd.dir/link.txt --verbose=1
/usr/bin/cc       CMakeFiles/cmTC_ee7bd.dir/testCCompiler.c.o  -o cmTC_ee7bd 
make[2]: warning:  Clock skew detected.  Your build may be incomplete.
make[2]: Leaving directory `/u/qnie/research/MappingOpti/ALG/CMakeFiles/CMakeTmp'
make[1]: warning:  Clock skew detected.  Your build may be incomplete.
make[1]: Leaving directory `/u/qnie/research/MappingOpti/ALG/CMakeFiles/CMakeTmp'


Detecting C compiler ABI info compiled with the following output:
Change Dir: /u/qnie/research/MappingOpti/ALG/CMakeFiles/CMakeTmp

Run Build Command:"/usr/bin/make" "cmTC_6e520/fast"
make[1]: Entering directory `/u/qnie/research/MappingOpti/ALG/CMakeFiles/CMakeTmp'
make[1]: Warning: File `Makefile' has modification time 1.1e+02 s in the future
/usr/bin/make -f CMakeFiles/cmTC_6e520.dir/build.make CMakeFiles/cmTC_6e520.dir/build
make[2]: Entering directory `/u/qnie/research/MappingOpti/ALG/CMakeFiles/CMakeTmp'
make[2]: Warning: File `CMakeFiles/cmTC_6e520.dir/flags.make' has modification time 1.1e+02 s in the future
Building C object CMakeFiles/cmTC_6e520.dir/CMakeCCompilerABI.c.o
/usr/bin/cc     -o CMakeFiles/cmTC_6e520.dir/CMakeCCompilerABI.c.o   -c /usr/local/share/cmake-3.7/Modules/CMakeCCompilerABI.c
Linking C executable cmTC_6e520
/usr/local/bin/cmake -E cmake_link_script CMakeFiles/cmTC_6e520.dir/link.txt --verbose=1
/usr/bin/cc      -v CMakeFiles/cmTC_6e520.dir/CMakeCCompilerABI.c.o  -o cmTC_6e520  
Using built-in specs.
COLLECT_GCC=/usr/bin/cc
COLLECT_LTO_WRAPPER=/usr/lib/gcc/x86_64-unknown-linux-gnu/5.1.0/lto-wrapper
Target: x86_64-unknown-linux-gnu
Configured with: ../configure --enable-languages=c,c++,java,go,fortran,objc,obj-c++ --prefix=/usr --program-suffix=-5 --enable-shared --enable-linker-build-id --libexecdir=/usr/lib --without-included-gettext --enable-threads=posix --libdir=/usr/lib --enable-nls --enable-clocale=gnu
Thread model: posix
gcc version 5.1.0 (GCC) 
COMPILER_PATH=/usr/lib/gcc/x86_64-unknown-linux-gnu/5.1.0/:/usr/lib/gcc/x86_64-unknown-linux-gnu/5.1.0/:/usr/lib/gcc/x86_64-unknown-linux-gnu/:/usr/lib/gcc/x86_64-unknown-linux-gnu/5.1.0/:/usr/lib/gcc/x86_64-unknown-linux-gnu/
LIBRARY_PATH=/usr/lib/gcc/x86_64-unknown-linux-gnu/5.1.0/:/usr/lib/gcc/x86_64-unknown-linux-gnu/5.1.0/../../../x86_64-linux-gnu/:/usr/lib/gcc/x86_64-unknown-linux-gnu/5.1.0/../../../../lib64/:/lib/x86_64-linux-gnu/:/lib/../lib64/:/usr/lib/x86_64-linux-gnu/:/usr/lib/../lib64/:/usr/lib/gcc/x86_64-unknown-linux-gnu/5.1.0/../../../:/lib/:/usr/lib/
COLLECT_GCC_OPTIONS='-v' '-o' 'cmTC_6e520' '-mtune=generic' '-march=x86-64'
 /usr/lib/gcc/x86_64-unknown-linux-gnu/5.1.0/collect2 -plugin /usr/lib/gcc/x86_64-unknown-linux-gnu/5.1.0/liblto_plugin.so -plugin-opt=/usr/lib/gcc/x86_64-unknown-linux-gnu/5.1.0/lto-wrapper -plugin-opt=-fresolution=/tmp/ccFVleLT.res -plugin-opt=-pass-through=-lgcc -plugin-opt=-pass-through=-lgcc_s -plugin-opt=-pass-through=-lc -plugin-opt=-pass-through=-lgcc -plugin-opt=-pass-through=-lgcc_s --build-id --eh-frame-hdr -m elf_x86_64 -dynamic-linker /lib64/ld-linux-x86-64.so.2 -o cmTC_6e520 /usr/lib/gcc/x86_64-unknown-linux-gnu/5.1.0/../../../x86_64-linux-gnu/crt1.o /usr/lib/gcc/x86_64-unknown-linux-gnu/5.1.0/../../../x86_64-linux-gnu/crti.o /usr/lib/gcc/x86_64-unknown-linux-gnu/5.1.0/crtbegin.o -L/usr/lib/gcc/x86_64-unknown-linux-gnu/5.1.0 -L/usr/lib/gcc/x86_64-unknown-linux-gnu/5.1.0/../../../x86_64-linux-gnu -L/usr/lib/gcc/x86_64-unknown-linux-gnu/5.1.0/../../../../lib64 -L/lib/x86_64-linux-gnu -L/lib/../lib64 -L/usr/lib/x86_64-linux-gnu -L/usr/lib/../lib64 -L/usr/lib/gcc/x86_64-unknown-linux-gnu/5.1.0/../../.. CMakeFiles/cmTC_6e520.dir/CMakeCCompilerABI.c.o -lgcc --as-needed -lgcc_s --no-as-needed -lc -lgcc --as-needed -lgcc_s --no-as-needed /usr/lib/gcc/x86_64-unknown-linux-gnu/5.1.0/crtend.o /usr/lib/gcc/x86_64-unknown-linux-gnu/5.1.0/../../../x86_64-linux-gnu/crtn.o
make[2]: warning:  Clock skew detected.  Your build may be incomplete.
make[2]: Leaving directory `/u/qnie/research/MappingOpti/ALG/CMakeFiles/CMakeTmp'
make[1]: warning:  Clock skew detected.  Your build may be incomplete.
make[1]: Leaving directory `/u/qnie/research/MappingOpti/ALG/CMakeFiles/CMakeTmp'


Parsed C implicit link information from above output:
  link line regex: [^( *|.*[/\])(ld|([^/\]+-)?ld|collect2)[^/\]*( |$)]
  ignore line: [Change Dir: /u/qnie/research/MappingOpti/ALG/CMakeFiles/CMakeTmp]
  ignore line: []
  ignore line: [Run Build Command:"/usr/bin/make" "cmTC_6e520/fast"]
  ignore line: [make[1]: Entering directory `/u/qnie/research/MappingOpti/ALG/CMakeFiles/CMakeTmp']
  ignore line: [make[1]: Warning: File `Makefile' has modification time 1.1e+02 s in the future]
  ignore line: [/usr/bin/make -f CMakeFiles/cmTC_6e520.dir/build.make CMakeFiles/cmTC_6e520.dir/build]
  ignore line: [make[2]: Entering directory `/u/qnie/research/MappingOpti/ALG/CMakeFiles/CMakeTmp']
  ignore line: [make[2]: Warning: File `CMakeFiles/cmTC_6e520.dir/flags.make' has modification time 1.1e+02 s in the future]
  ignore line: [Building C object CMakeFiles/cmTC_6e520.dir/CMakeCCompilerABI.c.o]
  ignore line: [/usr/bin/cc     -o CMakeFiles/cmTC_6e520.dir/CMakeCCompilerABI.c.o   -c /usr/local/share/cmake-3.7/Modules/CMakeCCompilerABI.c]
  ignore line: [Linking C executable cmTC_6e520]
  ignore line: [/usr/local/bin/cmake -E cmake_link_script CMakeFiles/cmTC_6e520.dir/link.txt --verbose=1]
  ignore line: [/usr/bin/cc      -v CMakeFiles/cmTC_6e520.dir/CMakeCCompilerABI.c.o  -o cmTC_6e520  ]
  ignore line: [Using built-in specs.]
  ignore line: [COLLECT_GCC=/usr/bin/cc]
  ignore line: [COLLECT_LTO_WRAPPER=/usr/lib/gcc/x86_64-unknown-linux-gnu/5.1.0/lto-wrapper]
  ignore line: [Target: x86_64-unknown-linux-gnu]
  ignore line: [Configured with: ../configure --enable-languages=c,c++,java,go,fortran,objc,obj-c++ --prefix=/usr --program-suffix=-5 --enable-shared --enable-linker-build-id --libexecdir=/usr/lib --without-included-gettext --enable-threads=posix --libdir=/usr/lib --enable-nls --enable-clocale=gnu]
  ignore line: [Thread model: posix]
  ignore line: [gcc version 5.1.0 (GCC) ]
  ignore line: [COMPILER_PATH=/usr/lib/gcc/x86_64-unknown-linux-gnu/5.1.0/:/usr/lib/gcc/x86_64-unknown-linux-gnu/5.1.0/:/usr/lib/gcc/x86_64-unknown-linux-gnu/:/usr/lib/gcc/x86_64-unknown-linux-gnu/5.1.0/:/usr/lib/gcc/x86_64-unknown-linux-gnu/]
  ignore line: [LIBRARY_PATH=/usr/lib/gcc/x86_64-unknown-linux-gnu/5.1.0/:/usr/lib/gcc/x86_64-unknown-linux-gnu/5.1.0/../../../x86_64-linux-gnu/:/usr/lib/gcc/x86_64-unknown-linux-gnu/5.1.0/../../../../lib64/:/lib/x86_64-linux-gnu/:/lib/../lib64/:/usr/lib/x86_64-linux-gnu/:/usr/lib/../lib64/:/usr/lib/gcc/x86_64-unknown-linux-gnu/5.1.0/../../../:/lib/:/usr/lib/]
  ignore line: [COLLECT_GCC_OPTIONS='-v' '-o' 'cmTC_6e520' '-mtune=generic' '-march=x86-64']
  link line: [ /usr/lib/gcc/x86_64-unknown-linux-gnu/5.1.0/collect2 -plugin /usr/lib/gcc/x86_64-unknown-linux-gnu/5.1.0/liblto_plugin.so -plugin-opt=/usr/lib/gcc/x86_64-unknown-linux-gnu/5.1.0/lto-wrapper -plugin-opt=-fresolution=/tmp/ccFVleLT.res -plugin-opt=-pass-through=-lgcc -plugin-opt=-pass-through=-lgcc_s -plugin-opt=-pass-through=-lc -plugin-opt=-pass-through=-lgcc -plugin-opt=-pass-through=-lgcc_s --build-id --eh-frame-hdr -m elf_x86_64 -dynamic-linker /lib64/ld-linux-x86-64.so.2 -o cmTC_6e520 /usr/lib/gcc/x86_64-unknown-linux-gnu/5.1.0/../../../x86_64-linux-gnu/crt1.o /usr/lib/gcc/x86_64-unknown-linux-gnu/5.1.0/../../../x86_64-linux-gnu/crti.o /usr/lib/gcc/x86_64-unknown-linux-gnu/5.1.0/crtbegin.o -L/usr/lib/gcc/x86_64-unknown-linux-gnu/5.1.0 -L/usr/lib/gcc/x86_64-unknown-linux-gnu/5.1.0/../../../x86_64-linux-gnu -L/usr/lib/gcc/x86_64-unknown-linux-gnu/5.1.0/../../../../lib64 -L/lib/x86_64-linux-gnu -L/lib/../lib64 -L/usr/lib/x86_64-linux-gnu -L/usr/lib/../lib64 -L/usr/lib/gcc/x86_64-unknown-linux-gnu/5.1.0/../../.. CMakeFiles/cmTC_6e520.dir/CMakeCCompilerABI.c.o -lgcc --as-needed -lgcc_s --no-as-needed -lc -lgcc --as-needed -lgcc_s --no-as-needed /usr/lib/gcc/x86_64-unknown-linux-gnu/5.1.0/crtend.o /usr/lib/gcc/x86_64-unknown-linux-gnu/5.1.0/../../../x86_64-linux-gnu/crtn.o]
    arg [/usr/lib/gcc/x86_64-unknown-linux-gnu/5.1.0/collect2] ==> ignore
    arg [-plugin] ==> ignore
    arg [/usr/lib/gcc/x86_64-unknown-linux-gnu/5.1.0/liblto_plugin.so] ==> ignore
    arg [-plugin-opt=/usr/lib/gcc/x86_64-unknown-linux-gnu/5.1.0/lto-wrapper] ==> ignore
    arg [-plugin-opt=-fresolution=/tmp/ccFVleLT.res] ==> ignore
    arg [-plugin-opt=-pass-through=-lgcc] ==> ignore
    arg [-plugin-opt=-pass-through=-lgcc_s] ==> ignore
    arg [-plugin-opt=-pass-through=-lc] ==> ignore
    arg [-plugin-opt=-pass-through=-lgcc] ==> ignore
    arg [-plugin-opt=-pass-through=-lgcc_s] ==> ignore
    arg [--build-id] ==> ignore
    arg [--eh-frame-hdr] ==> ignore
    arg [-m] ==> ignore
    arg [elf_x86_64] ==> ignore
    arg [-dynamic-linker] ==> ignore
    arg [/lib64/ld-linux-x86-64.so.2] ==> ignore
    arg [-o] ==> ignore
    arg [cmTC_6e520] ==> ignore
    arg [/usr/lib/gcc/x86_64-unknown-linux-gnu/5.1.0/../../../x86_64-linux-gnu/crt1.o] ==> ignore
    arg [/usr/lib/gcc/x86_64-unknown-linux-gnu/5.1.0/../../../x86_64-linux-gnu/crti.o] ==> ignore
    arg [/usr/lib/gcc/x86_64-unknown-linux-gnu/5.1.0/crtbegin.o] ==> ignore
    arg [-L/usr/lib/gcc/x86_64-unknown-linux-gnu/5.1.0] ==> dir [/usr/lib/gcc/x86_64-unknown-linux-gnu/5.1.0]
    arg [-L/usr/lib/gcc/x86_64-unknown-linux-gnu/5.1.0/../../../x86_64-linux-gnu] ==> dir [/usr/lib/gcc/x86_64-unknown-linux-gnu/5.1.0/../../../x86_64-linux-gnu]
    arg [-L/usr/lib/gcc/x86_64-unknown-linux-gnu/5.1.0/../../../../lib64] ==> dir [/usr/lib/gcc/x86_64-unknown-linux-gnu/5.1.0/../../../../lib64]
    arg [-L/lib/x86_64-linux-gnu] ==> dir [/lib/x86_64-linux-gnu]
    arg [-L/lib/../lib64] ==> dir [/lib/../lib64]
    arg [-L/usr/lib/x86_64-linux-gnu] ==> dir [/usr/lib/x86_64-linux-gnu]
    arg [-L/usr/lib/../lib64] ==> dir [/usr/lib/../lib64]
    arg [-L/usr/lib/gcc/x86_64-unknown-linux-gnu/5.1.0/../../..] ==> dir [/usr/lib/gcc/x86_64-unknown-linux-gnu/5.1.0/../../..]
    arg [CMakeFiles/cmTC_6e520.dir/CMakeCCompilerABI.c.o] ==> ignore
    arg [-lgcc] ==> lib [gcc]
    arg [--as-needed] ==> ignore
    arg [-lgcc_s] ==> lib [gcc_s]
    arg [--no-as-needed] ==> ignore
    arg [-lc] ==> lib [c]
    arg [-lgcc] ==> lib [gcc]
    arg [--as-needed] ==> ignore
    arg [-lgcc_s] ==> lib [gcc_s]
    arg [--no-as-needed] ==> ignore
    arg [/usr/lib/gcc/x86_64-unknown-linux-gnu/5.1.0/crtend.o] ==> ignore
    arg [/usr/lib/gcc/x86_64-unknown-linux-gnu/5.1.0/../../../x86_64-linux-gnu/crtn.o] ==> ignore
  remove lib [gcc]
  remove lib [gcc_s]
  remove lib [gcc]
  remove lib [gcc_s]
  collapse library dir [/usr/lib/gcc/x86_64-unknown-linux-gnu/5.1.0] ==> [/usr/lib/gcc/x86_64-unknown-linux-gnu/5.1.0]
  collapse library dir [/usr/lib/gcc/x86_64-unknown-linux-gnu/5.1.0/../../../x86_64-linux-gnu] ==> [/usr/lib/x86_64-linux-gnu]
  collapse library dir [/usr/lib/gcc/x86_64-unknown-linux-gnu/5.1.0/../../../../lib64] ==> [/usr/lib64]
  collapse library dir [/lib/x86_64-linux-gnu] ==> [/lib/x86_64-linux-gnu]
  collapse library dir [/lib/../lib64] ==> [/lib64]
  collapse library dir [/usr/lib/x86_64-linux-gnu] ==> [/usr/lib/x86_64-linux-gnu]
  collapse library dir [/usr/lib/../lib64] ==> [/usr/lib64]
  collapse library dir [/usr/lib/gcc/x86_64-unknown-linux-gnu/5.1.0/../../..] ==> [/usr/lib]
  implicit libs: [c]
  implicit dirs: [/usr/lib/gcc/x86_64-unknown-linux-gnu/5.1.0;/usr/lib/x86_64-linux-gnu;/usr/lib64;/lib/x86_64-linux-gnu;/lib64;/usr/lib]
  implicit fwks: []




Detecting C [-std=c11] compiler features compiled with the following output:
Change Dir: /u/qnie/research/MappingOpti/ALG/CMakeFiles/CMakeTmp

Run Build Command:"/usr/bin/make" "cmTC_d8eb5/fast"
make[1]: Entering directory `/u/qnie/research/MappingOpti/ALG/CMakeFiles/CMakeTmp'
make[1]: Warning: File `Makefile' has modification time 1.1e+02 s in the future
/usr/bin/make -f CMakeFiles/cmTC_d8eb5.dir/build.make CMakeFiles/cmTC_d8eb5.dir/build
make[2]: Entering directory `/u/qnie/research/MappingOpti/ALG/CMakeFiles/CMakeTmp'
make[2]: Warning: File `CMakeFiles/cmTC_d8eb5.dir/flags.make' has modification time 1.1e+02 s in the future
Building C object CMakeFiles/cmTC_d8eb5.dir/feature_tests.c.o
/usr/bin/cc    -std=c11 -o CMakeFiles/cmTC_d8eb5.dir/feature_tests.c.o   -c /u/qnie/research/MappingOpti/ALG/CMakeFiles/feature_tests.c
Linking C executable cmTC_d8eb5
/usr/local/bin/cmake -E cmake_link_script CMakeFiles/cmTC_d8eb5.dir/link.txt --verbose=1
/usr/bin/cc       CMakeFiles/cmTC_d8eb5.dir/feature_tests.c.o  -o cmTC_d8eb5 
make[2]: warning:  Clock skew detected.  Your build may be incomplete.
make[2]: Leaving directory `/u/qnie/research/MappingOpti/ALG/CMakeFiles/CMakeTmp'
make[1]: warning:  Clock skew detected.  Your build may be incomplete.
make[1]: Leaving directory `/u/qnie/research/MappingOpti/ALG/CMakeFiles/CMakeTmp'


    Feature record: C_FEATURE:1c_function_prototypes
    Feature record: C_FEATURE:1c_restrict
    Feature record: C_FEATURE:1c_static_assert
    Feature record: C_FEATURE:1c_variadic_macros


Detecting C [-std=c99] compiler features compiled with the following output:
Change Dir: /u/qnie/research/MappingOpti/ALG/CMakeFiles/CMakeTmp

Run Build Command:"/usr/bin/make" "cmTC_de9f8/fast"
make[1]: Entering directory `/u/qnie/research/MappingOpti/ALG/CMakeFiles/CMakeTmp'
make[1]: Warning: File `Makefile' has modification time 1.1e+02 s in the future
/usr/bin/make -f CMakeFiles/cmTC_de9f8.dir/build.make CMakeFiles/cmTC_de9f8.dir/build
make[2]: Entering directory `/u/qnie/research/MappingOpti/ALG/CMakeFiles/CMakeTmp'
make[2]: Warning: File `CMakeFiles/cmTC_de9f8.dir/flags.make' has modification time 1.1e+02 s in the future
Building C object CMakeFiles/cmTC_de9f8.dir/feature_tests.c.o
/usr/bin/cc    -std=c99 -o CMakeFiles/cmTC_de9f8.dir/feature_tests.c.o   -c /u/qnie/research/MappingOpti/ALG/CMakeFiles/feature_tests.c
Linking C executable cmTC_de9f8
/usr/local/bin/cmake -E cmake_link_script CMakeFiles/cmTC_de9f8.dir/link.txt --verbose=1
/usr/bin/cc       CMakeFiles/cmTC_de9f8.dir/feature_tests.c.o  -o cmTC_de9f8 
make[2]: warning:  Clock skew detected.  Your build may be incomplete.
make[2]: Leaving directory `/u/qnie/research/MappingOpti/ALG/CMakeFiles/CMakeTmp'
make[1]: warning:  Clock skew detected.  Your build may be incomplete.
make[1]: Leaving directory `/u/qnie/research/MappingOpti/ALG/CMakeFiles/CMakeTmp'


    Feature record: C_FEATURE:1c_function_prototypes
    Feature record: C_FEATURE:1c_restrict
    Feature record: C_FEATURE:0c_static_assert
    Feature record: C_FEATURE:1c_variadic_macros


Detecting C [-std=c90] compiler features compiled with the following output:
Change Dir: /u/qnie/research/MappingOpti/ALG/CMakeFiles/CMakeTmp

Run Build Command:"/usr/bin/make" "cmTC_959b5/fast"
make[1]: Entering directory `/u/qnie/research/MappingOpti/ALG/CMakeFiles/CMakeTmp'
make[1]: Warning: File `Makefile' has modification time 1.1e+02 s in the future
/usr/bin/make -f CMakeFiles/cmTC_959b5.dir/build.make CMakeFiles/cmTC_959b5.dir/build
make[2]: Entering directory `/u/qnie/research/MappingOpti/ALG/CMakeFiles/CMakeTmp'
make[2]: Warning: File `CMakeFiles/cmTC_959b5.dir/flags.make' has modification time 1.1e+02 s in the future
Building C object CMakeFiles/cmTC_959b5.dir/feature_tests.c.o
/usr/bin/cc    -std=c90 -o CMakeFiles/cmTC_959b5.dir/feature_tests.c.o   -c /u/qnie/research/MappingOpti/ALG/CMakeFiles/feature_tests.c
Linking C executable cmTC_959b5
/usr/local/bin/cmake -E cmake_link_script CMakeFiles/cmTC_959b5.dir/link.txt --verbose=1
/usr/bin/cc       CMakeFiles/cmTC_959b5.dir/feature_tests.c.o  -o cmTC_959b5 
make[2]: warning:  Clock skew detected.  Your build may be incomplete.
make[2]: Leaving directory `/u/qnie/research/MappingOpti/ALG/CMakeFiles/CMakeTmp'
make[1]: warning:  Clock skew detected.  Your build may be incomplete.
make[1]: Leaving directory `/u/qnie/research/MappingOpti/ALG/CMakeFiles/CMakeTmp'


    Feature record: C_FEATURE:1c_function_prototypes
    Feature record: C_FEATURE:0c_restrict
    Feature record: C_FEATURE:0c_static_assert
    Feature record: C_FEATURE:0c_variadic_macros
Determining if the CXX compiler works passed with the following output:
Change Dir: /u/qnie/research/MappingOpti/ALG/CMakeFiles/CMakeTmp

Run Build Command:"/usr/bin/make" "cmTC_6f1f6/fast"
make[1]: Entering directory `/u/qnie/research/MappingOpti/ALG/CMakeFiles/CMakeTmp'
make[1]: Warning: File `Makefile' has modification time 1.1e+02 s in the future
/usr/bin/make -f CMakeFiles/cmTC_6f1f6.dir/build.make CMakeFiles/cmTC_6f1f6.dir/build
make[2]: Entering directory `/u/qnie/research/MappingOpti/ALG/CMakeFiles/CMakeTmp'
make[2]: Warning: File `CMakeFiles/cmTC_6f1f6.dir/flags.make' has modification time 1.1e+02 s in the future
Building CXX object CMakeFiles/cmTC_6f1f6.dir/testCXXCompiler.cxx.o
/usr/bin/c++      -o CMakeFiles/cmTC_6f1f6.dir/testCXXCompiler.cxx.o -c /u/qnie/research/MappingOpti/ALG/CMakeFiles/CMakeTmp/testCXXCompiler.cxx
Linking CXX executable cmTC_6f1f6
/usr/local/bin/cmake -E cmake_link_script CMakeFiles/cmTC_6f1f6.dir/link.txt --verbose=1
/usr/bin/c++        CMakeFiles/cmTC_6f1f6.dir/testCXXCompiler.cxx.o  -o cmTC_6f1f6 
make[2]: warning:  Clock skew detected.  Your build may be incomplete.
make[2]: Leaving directory `/u/qnie/research/MappingOpti/ALG/CMakeFiles/CMakeTmp'
make[1]: warning:  Clock skew detected.  Your build may be incomplete.
make[1]: Leaving directory `/u/qnie/research/MappingOpti/ALG/CMakeFiles/CMakeTmp'


Detecting CXX compiler ABI info compiled with the following output:
Change Dir: /u/qnie/research/MappingOpti/ALG/CMakeFiles/CMakeTmp

Run Build Command:"/usr/bin/make" "cmTC_ca207/fast"
make[1]: Entering directory `/u/qnie/research/MappingOpti/ALG/CMakeFiles/CMakeTmp'
make[1]: Warning: File `Makefile' has modification time 1.1e+02 s in the future
/usr/bin/make -f CMakeFiles/cmTC_ca207.dir/build.make CMakeFiles/cmTC_ca207.dir/build
make[2]: Entering directory `/u/qnie/research/MappingOpti/ALG/CMakeFiles/CMakeTmp'
make[2]: Warning: File `CMakeFiles/cmTC_ca207.dir/flags.make' has modification time 1.1e+02 s in the future
Building CXX object CMakeFiles/cmTC_ca207.dir/CMakeCXXCompilerABI.cpp.o
/usr/bin/c++      -o CMakeFiles/cmTC_ca207.dir/CMakeCXXCompilerABI.cpp.o -c /usr/local/share/cmake-3.7/Modules/CMakeCXXCompilerABI.cpp
Linking CXX executable cmTC_ca207
/usr/local/bin/cmake -E cmake_link_script CMakeFiles/cmTC_ca207.dir/link.txt --verbose=1
/usr/bin/c++       -v CMakeFiles/cmTC_ca207.dir/CMakeCXXCompilerABI.cpp.o  -o cmTC_ca207  
Using built-in specs.
COLLECT_GCC=/usr/bin/c++
COLLECT_LTO_WRAPPER=/usr/lib/gcc/x86_64-unknown-linux-gnu/5.1.0/lto-wrapper
Target: x86_64-unknown-linux-gnu
Configured with: ../configure --enable-languages=c,c++,java,go,fortran,objc,obj-c++ --prefix=/usr --program-suffix=-5 --enable-shared --enable-linker-build-id --libexecdir=/usr/lib --without-included-gettext --enable-threads=posix --libdir=/usr/lib --enable-nls --enable-clocale=gnu
Thread model: posix
gcc version 5.1.0 (GCC) 
COMPILER_PATH=/usr/lib/gcc/x86_64-unknown-linux-gnu/5.1.0/:/usr/lib/gcc/x86_64-unknown-linux-gnu/5.1.0/:/usr/lib/gcc/x86_64-unknown-linux-gnu/:/usr/lib/gcc/x86_64-unknown-linux-gnu/5.1.0/:/usr/lib/gcc/x86_64-unknown-linux-gnu/
LIBRARY_PATH=/usr/lib/gcc/x86_64-unknown-linux-gnu/5.1.0/:/usr/lib/gcc/x86_64-unknown-linux-gnu/5.1.0/../../../x86_64-linux-gnu/:/usr/lib/gcc/x86_64-unknown-linux-gnu/5.1.0/../../../../lib64/:/lib/x86_64-linux-gnu/:/lib/../lib64/:/usr/lib/x86_64-linux-gnu/:/usr/lib/../lib64/:/usr/lib/gcc/x86_64-unknown-linux-gnu/5.1.0/../../../:/lib/:/usr/lib/
COLLECT_GCC_OPTIONS='-v' '-o' 'cmTC_ca207' '-shared-libgcc' '-mtune=generic' '-march=x86-64'
 /usr/lib/gcc/x86_64-unknown-linux-gnu/5.1.0/collect2 -plugin /usr/lib/gcc/x86_64-unknown-linux-gnu/5.1.0/liblto_plugin.so -plugin-opt=/usr/lib/gcc/x86_64-unknown-linux-gnu/5.1.0/lto-wrapper -plugin-opt=-fresolution=/tmp/ccpswCKa.res -plugin-opt=-pass-through=-lgcc_s -plugin-opt=-pass-through=-lgcc -plugin-opt=-pass-through=-lc -plugin-opt=-pass-through=-lgcc_s -plugin-opt=-pass-through=-lgcc --build-id --eh-frame-hdr -m elf_x86_64 -dynamic-linker /lib64/ld-linux-x86-64.so.2 -o cmTC_ca207 /usr/lib/gcc/x86_64-unknown-linux-gnu/5.1.0/../../../x86_64-linux-gnu/crt1.o /usr/lib/gcc/x86_64-unknown-linux-gnu/5.1.0/../../../x86_64-linux-gnu/crti.o /usr/lib/gcc/x86_64-unknown-linux-gnu/5.1.0/crtbegin.o -L/usr/lib/gcc/x86_64-unknown-linux-gnu/5.1.0 -L/usr/lib/gcc/x86_64-unknown-linux-gnu/5.1.0/../../../x86_64-linux-gnu -L/usr/lib/gcc/x86_64-unknown-linux-gnu/5.1.0/../../../../lib64 -L/lib/x86_64-linux-gnu -L/lib/../lib64 -L/usr/lib/x86_64-linux-gnu -L/usr/lib/../lib64 -L/usr/lib/gcc/x86_64-unknown-linux-gnu/5.1.0/../../.. CMakeFiles/cmTC_ca207.dir/CMakeCXXCompilerABI.cpp.o -lstdc++ -lm -lgcc_s -lgcc -lc -lgcc_s -lgcc /usr/lib/gcc/x86_64-unknown-linux-gnu/5.1.0/crtend.o /usr/lib/gcc/x86_64-unknown-linux-gnu/5.1.0/../../../x86_64-linux-gnu/crtn.o
make[2]: warning:  Clock skew detected.  Your build may be incomplete.
make[2]: Leaving directory `/u/qnie/research/MappingOpti/ALG/CMakeFiles/CMakeTmp'
make[1]: warning:  Clock skew detected.  Your build may be incomplete.
make[1]: Leaving directory `/u/qnie/research/MappingOpti/ALG/CMakeFiles/CMakeTmp'


Parsed CXX implicit link information from above output:
  link line regex: [^( *|.*[/\])(ld|([^/\]+-)?ld|collect2)[^/\]*( |$)]
  ignore line: [Change Dir: /u/qnie/research/MappingOpti/ALG/CMakeFiles/CMakeTmp]
  ignore line: []
  ignore line: [Run Build Command:"/usr/bin/make" "cmTC_ca207/fast"]
  ignore line: [make[1]: Entering directory `/u/qnie/research/MappingOpti/ALG/CMakeFiles/CMakeTmp']
  ignore line: [make[1]: Warning: File `Makefile' has modification time 1.1e+02 s in the future]
  ignore line: [/usr/bin/make -f CMakeFiles/cmTC_ca207.dir/build.make CMakeFiles/cmTC_ca207.dir/build]
  ignore line: [make[2]: Entering directory `/u/qnie/research/MappingOpti/ALG/CMakeFiles/CMakeTmp']
  ignore line: [make[2]: Warning: File `CMakeFiles/cmTC_ca207.dir/flags.make' has modification time 1.1e+02 s in the future]
  ignore line: [Building CXX object CMakeFiles/cmTC_ca207.dir/CMakeCXXCompilerABI.cpp.o]
  ignore line: [/usr/bin/c++      -o CMakeFiles/cmTC_ca207.dir/CMakeCXXCompilerABI.cpp.o -c /usr/local/share/cmake-3.7/Modules/CMakeCXXCompilerABI.cpp]
  ignore line: [Linking CXX executable cmTC_ca207]
  ignore line: [/usr/local/bin/cmake -E cmake_link_script CMakeFiles/cmTC_ca207.dir/link.txt --verbose=1]
  ignore line: [/usr/bin/c++       -v CMakeFiles/cmTC_ca207.dir/CMakeCXXCompilerABI.cpp.o  -o cmTC_ca207  ]
  ignore line: [Using built-in specs.]
  ignore line: [COLLECT_GCC=/usr/bin/c++]
  ignore line: [COLLECT_LTO_WRAPPER=/usr/lib/gcc/x86_64-unknown-linux-gnu/5.1.0/lto-wrapper]
  ignore line: [Target: x86_64-unknown-linux-gnu]
  ignore line: [Configured with: ../configure --enable-languages=c,c++,java,go,fortran,objc,obj-c++ --prefix=/usr --program-suffix=-5 --enable-shared --enable-linker-build-id --libexecdir=/usr/lib --without-included-gettext --enable-threads=posix --libdir=/usr/lib --enable-nls --enable-clocale=gnu]
  ignore line: [Thread model: posix]
  ignore line: [gcc version 5.1.0 (GCC) ]
  ignore line: [COMPILER_PATH=/usr/lib/gcc/x86_64-unknown-linux-gnu/5.1.0/:/usr/lib/gcc/x86_64-unknown-linux-gnu/5.1.0/:/usr/lib/gcc/x86_64-unknown-linux-gnu/:/usr/lib/gcc/x86_64-unknown-linux-gnu/5.1.0/:/usr/lib/gcc/x86_64-unknown-linux-gnu/]
  ignore line: [LIBRARY_PATH=/usr/lib/gcc/x86_64-unknown-linux-gnu/5.1.0/:/usr/lib/gcc/x86_64-unknown-linux-gnu/5.1.0/../../../x86_64-linux-gnu/:/usr/lib/gcc/x86_64-unknown-linux-gnu/5.1.0/../../../../lib64/:/lib/x86_64-linux-gnu/:/lib/../lib64/:/usr/lib/x86_64-linux-gnu/:/usr/lib/../lib64/:/usr/lib/gcc/x86_64-unknown-linux-gnu/5.1.0/../../../:/lib/:/usr/lib/]
  ignore line: [COLLECT_GCC_OPTIONS='-v' '-o' 'cmTC_ca207' '-shared-libgcc' '-mtune=generic' '-march=x86-64']
  link line: [ /usr/lib/gcc/x86_64-unknown-linux-gnu/5.1.0/collect2 -plugin /usr/lib/gcc/x86_64-unknown-linux-gnu/5.1.0/liblto_plugin.so -plugin-opt=/usr/lib/gcc/x86_64-unknown-linux-gnu/5.1.0/lto-wrapper -plugin-opt=-fresolution=/tmp/ccpswCKa.res -plugin-opt=-pass-through=-lgcc_s -plugin-opt=-pass-through=-lgcc -plugin-opt=-pass-through=-lc -plugin-opt=-pass-through=-lgcc_s -plugin-opt=-pass-through=-lgcc --build-id --eh-frame-hdr -m elf_x86_64 -dynamic-linker /lib64/ld-linux-x86-64.so.2 -o cmTC_ca207 /usr/lib/gcc/x86_64-unknown-linux-gnu/5.1.0/../../../x86_64-linux-gnu/crt1.o /usr/lib/gcc/x86_64-unknown-linux-gnu/5.1.0/../../../x86_64-linux-gnu/crti.o /usr/lib/gcc/x86_64-unknown-linux-gnu/5.1.0/crtbegin.o -L/usr/lib/gcc/x86_64-unknown-linux-gnu/5.1.0 -L/usr/lib/gcc/x86_64-unknown-linux-gnu/5.1.0/../../../x86_64-linux-gnu -L/usr/lib/gcc/x86_64-unknown-linux-gnu/5.1.0/../../../../lib64 -L/lib/x86_64-linux-gnu -L/lib/../lib64 -L/usr/lib/x86_64-linux-gnu -L/usr/lib/../lib64 -L/usr/lib/gcc/x86_64-unknown-linux-gnu/5.1.0/../../.. CMakeFiles/cmTC_ca207.dir/CMakeCXXCompilerABI.cpp.o -lstdc++ -lm -lgcc_s -lgcc -lc -lgcc_s -lgcc /usr/lib/gcc/x86_64-unknown-linux-gnu/5.1.0/crtend.o /usr/lib/gcc/x86_64-unknown-linux-gnu/5.1.0/../../../x86_64-linux-gnu/crtn.o]
    arg [/usr/lib/gcc/x86_64-unknown-linux-gnu/5.1.0/collect2] ==> ignore
    arg [-plugin] ==> ignore
    arg [/usr/lib/gcc/x86_64-unknown-linux-gnu/5.1.0/liblto_plugin.so] ==> ignore
    arg [-plugin-opt=/usr/lib/gcc/x86_64-unknown-linux-gnu/5.1.0/lto-wrapper] ==> ignore
    arg [-plugin-opt=-fresolution=/tmp/ccpswCKa.res] ==> ignore
    arg [-plugin-opt=-pass-through=-lgcc_s] ==> ignore
    arg [-plugin-opt=-pass-through=-lgcc] ==> ignore
    arg [-plugin-opt=-pass-through=-lc] ==> ignore
    arg [-plugin-opt=-pass-through=-lgcc_s] ==> ignore
    arg [-plugin-opt=-pass-through=-lgcc] ==> ignore
    arg [--build-id] ==> ignore
    arg [--eh-frame-hdr] ==> ignore
    arg [-m] ==> ignore
    arg [elf_x86_64] ==> ignore
    arg [-dynamic-linker] ==> ignore
    arg [/lib64/ld-linux-x86-64.so.2] ==> ignore
    arg [-o] ==> ignore
    arg [cmTC_ca207] ==> ignore
    arg [/usr/lib/gcc/x86_64-unknown-linux-gnu/5.1.0/../../../x86_64-linux-gnu/crt1.o] ==> ignore
    arg [/usr/lib/gcc/x86_64-unknown-linux-gnu/5.1.0/../../../x86_64-linux-gnu/crti.o] ==> ignore
    arg [/usr/lib/gcc/x86_64-unknown-linux-gnu/5.1.0/crtbegin.o] ==> ignore
    arg [-L/usr/lib/gcc/x86_64-unknown-linux-gnu/5.1.0] ==> dir [/usr/lib/gcc/x86_64-unknown-linux-gnu/5.1.0]
    arg [-L/usr/lib/gcc/x86_64-unknown-linux-gnu/5.1.0/../../../x86_64-linux-gnu] ==> dir [/usr/lib/gcc/x86_64-unknown-linux-gnu/5.1.0/../../../x86_64-linux-gnu]
    arg [-L/usr/lib/gcc/x86_64-unknown-linux-gnu/5.1.0/../../../../lib64] ==> dir [/usr/lib/gcc/x86_64-unknown-linux-gnu/5.1.0/../../../../lib64]
    arg [-L/lib/x86_64-linux-gnu] ==> dir [/lib/x86_64-linux-gnu]
    arg [-L/lib/../lib64] ==> dir [/lib/../lib64]
    arg [-L/usr/lib/x86_64-linux-gnu] ==> dir [/usr/lib/x86_64-linux-gnu]
    arg [-L/usr/lib/../lib64] ==> dir [/usr/lib/../lib64]
    arg [-L/usr/lib/gcc/x86_64-unknown-linux-gnu/5.1.0/../../..] ==> dir [/usr/lib/gcc/x86_64-unknown-linux-gnu/5.1.0/../../..]
    arg [CMakeFiles/cmTC_ca207.dir/CMakeCXXCompilerABI.cpp.o] ==> ignore
    arg [-lstdc++] ==> lib [stdc++]
    arg [-lm] ==> lib [m]
    arg [-lgcc_s] ==> lib [gcc_s]
    arg [-lgcc] ==> lib [gcc]
    arg [-lc] ==> lib [c]
    arg [-lgcc_s] ==> lib [gcc_s]
    arg [-lgcc] ==> lib [gcc]
    arg [/usr/lib/gcc/x86_64-unknown-linux-gnu/5.1.0/crtend.o] ==> ignore
    arg [/usr/lib/gcc/x86_64-unknown-linux-gnu/5.1.0/../../../x86_64-linux-gnu/crtn.o] ==> ignore
  remove lib [gcc_s]
  remove lib [gcc]
  remove lib [gcc_s]
  remove lib [gcc]
  collapse library dir [/usr/lib/gcc/x86_64-unknown-linux-gnu/5.1.0] ==> [/usr/lib/gcc/x86_64-unknown-linux-gnu/5.1.0]
  collapse library dir [/usr/lib/gcc/x86_64-unknown-linux-gnu/5.1.0/../../../x86_64-linux-gnu] ==> [/usr/lib/x86_64-linux-gnu]
  collapse library dir [/usr/lib/gcc/x86_64-unknown-linux-gnu/5.1.0/../../../../lib64] ==> [/usr/lib64]
  collapse library dir [/lib/x86_64-linux-gnu] ==> [/lib/x86_64-linux-gnu]
  collapse library dir [/lib/../lib64] ==> [/lib64]
  collapse library dir [/usr/lib/x86_64-linux-gnu] ==> [/usr/lib/x86_64-linux-gnu]
  collapse library dir [/usr/lib/../lib64] ==> [/usr/lib64]
  collapse library dir [/usr/lib/gcc/x86_64-unknown-linux-gnu/5.1.0/../../..] ==> [/usr/lib]
  implicit libs: [stdc++;m;c]
  implicit dirs: [/usr/lib/gcc/x86_64-unknown-linux-gnu/5.1.0;/usr/lib/x86_64-linux-gnu;/usr/lib64;/lib/x86_64-linux-gnu;/lib64;/usr/lib]
  implicit fwks: []




Detecting CXX [-std=c++14] compiler features compiled with the following output:
Change Dir: /u/qnie/research/MappingOpti/ALG/CMakeFiles/CMakeTmp

Run Build Command:"/usr/bin/make" "cmTC_00b7c/fast"
make[1]: Entering directory `/u/qnie/research/MappingOpti/ALG/CMakeFiles/CMakeTmp'
make[1]: Warning: File `Makefile' has modification time 1.1e+02 s in the future
/usr/bin/make -f CMakeFiles/cmTC_00b7c.dir/build.make CMakeFiles/cmTC_00b7c.dir/build
make[2]: Entering directory `/u/qnie/research/MappingOpti/ALG/CMakeFiles/CMakeTmp'
make[2]: Warning: File `CMakeFiles/cmTC_00b7c.dir/flags.make' has modification time 1.1e+02 s in the future
Building CXX object CMakeFiles/cmTC_00b7c.dir/feature_tests.cxx.o
/usr/bin/c++     -std=c++14 -o CMakeFiles/cmTC_00b7c.dir/feature_tests.cxx.o -c /u/qnie/research/MappingOpti/ALG/CMakeFiles/feature_tests.cxx
Linking CXX executable cmTC_00b7c
/usr/local/bin/cmake -E cmake_link_script CMakeFiles/cmTC_00b7c.dir/link.txt --verbose=1
/usr/bin/c++        CMakeFiles/cmTC_00b7c.dir/feature_tests.cxx.o  -o cmTC_00b7c 
make[2]: warning:  Clock skew detected.  Your build may be incomplete.
make[2]: Leaving directory `/u/qnie/research/MappingOpti/ALG/CMakeFiles/CMakeTmp'
make[1]: warning:  Clock skew detected.  Your build may be incomplete.
make[1]: Leaving directory `/u/qnie/research/MappingOpti/ALG/CMakeFiles/CMakeTmp'


    Feature record: CXX_FEATURE:1cxx_aggregate_default_initializers
    Feature record: CXX_FEATURE:1cxx_alias_templates
    Feature record: CXX_FEATURE:1cxx_alignas
    Feature record: CXX_FEATURE:1cxx_alignof
    Feature record: CXX_FEATURE:1cxx_attributes
    Feature record: CXX_FEATURE:1cxx_attribute_deprecated
    Feature record: CXX_FEATURE:1cxx_auto_type
    Feature record: CXX_FEATURE:1cxx_binary_literals
    Feature record: CXX_FEATURE:1cxx_constexpr
    Feature record: CXX_FEATURE:1cxx_contextual_conversions
    Feature record: CXX_FEATURE:1cxx_decltype
    Feature record: CXX_FEATURE:1cxx_decltype_auto
    Feature record: CXX_FEATURE:1cxx_decltype_incomplete_return_types
    Feature record: CXX_FEATURE:1cxx_default_function_template_args
    Feature record: CXX_FEATURE:1cxx_defaulted_functions
    Feature record: CXX_FEATURE:1cxx_defaulted_move_initializers
    Feature record: CXX_FEATURE:1cxx_delegating_constructors
    Feature record: CXX_FEATURE:1cxx_deleted_functions
    Feature record: CXX_FEATURE:1cxx_digit_separators
    Feature record: CXX_FEATURE:1cxx_enum_forward_declarations
    Feature record: CXX_FEATURE:1cxx_explicit_conversions
    Feature record: CXX_FEATURE:1cxx_extended_friend_declarations
    Feature record: CXX_FEATURE:1cxx_extern_templates
    Feature record: CXX_FEATURE:1cxx_final
    Feature record: CXX_FEATURE:1cxx_func_identifier
    Feature record: CXX_FEATURE:1cxx_generalized_initializers
    Feature record: CXX_FEATURE:1cxx_generic_lambdas
    Feature record: CXX_FEATURE:1cxx_inheriting_constructors
    Feature record: CXX_FEATURE:1cxx_inline_namespaces
    Feature record: CXX_FEATURE:1cxx_lambdas
    Feature record: CXX_FEATURE:1cxx_lambda_init_captures
    Feature record: CXX_FEATURE:1cxx_local_type_template_args
    Feature record: CXX_FEATURE:1cxx_long_long_type
    Feature record: CXX_FEATURE:1cxx_noexcept
    Feature record: CXX_FEATURE:1cxx_nonstatic_member_init
    Feature record: CXX_FEATURE:1cxx_nullptr
    Feature record: CXX_FEATURE:1cxx_override
    Feature record: CXX_FEATURE:1cxx_range_for
    Feature record: CXX_FEATURE:1cxx_raw_string_literals
    Feature record: CXX_FEATURE:1cxx_reference_qualified_functions
    Feature record: CXX_FEATURE:1cxx_relaxed_constexpr
    Feature record: CXX_FEATURE:1cxx_return_type_deduction
    Feature record: CXX_FEATURE:1cxx_right_angle_brackets
    Feature record: CXX_FEATURE:1cxx_rvalue_references
    Feature record: CXX_FEATURE:1cxx_sizeof_member
    Feature record: CXX_FEATURE:1cxx_static_assert
    Feature record: CXX_FEATURE:1cxx_strong_enums
    Feature record: CXX_FEATURE:1cxx_template_template_parameters
    Feature record: CXX_FEATURE:1cxx_thread_local
    Feature record: CXX_FEATURE:1cxx_trailing_return_types
    Feature record: CXX_FEATURE:1cxx_unicode_literals
    Feature record: CXX_FEATURE:1cxx_uniform_initialization
    Feature record: CXX_FEATURE:1cxx_unrestricted_unions
    Feature record: CXX_FEATURE:1cxx_user_literals
    Feature record: CXX_FEATURE:1cxx_variable_templates
    Feature record: CXX_FEATURE:1cxx_variadic_macros
    Feature record: CXX_FEATURE:1cxx_variadic_templates


Detecting CXX [-std=c++11] compiler features compiled with the following output:
Change Dir: /u/qnie/research/MappingOpti/ALG/CMakeFiles/CMakeTmp

Run Build Command:"/usr/bin/make" "cmTC_4b11a/fast"
make[1]: Entering directory `/u/qnie/research/MappingOpti/ALG/CMakeFiles/CMakeTmp'
make[1]: Warning: File `Makefile' has modification time 1.1e+02 s in the future
/usr/bin/make -f CMakeFiles/cmTC_4b11a.dir/build.make CMakeFiles/cmTC_4b11a.dir/build
make[2]: Entering directory `/u/qnie/research/MappingOpti/ALG/CMakeFiles/CMakeTmp'
make[2]: Warning: File `CMakeFiles/cmTC_4b11a.dir/flags.make' has modification time 1.1e+02 s in the future
Building CXX object CMakeFiles/cmTC_4b11a.dir/feature_tests.cxx.o
/usr/bin/c++     -std=c++11 -o CMakeFiles/cmTC_4b11a.dir/feature_tests.cxx.o -c /u/qnie/research/MappingOpti/ALG/CMakeFiles/feature_tests.cxx
Linking CXX executable cmTC_4b11a
/usr/local/bin/cmake -E cmake_link_script CMakeFiles/cmTC_4b11a.dir/link.txt --verbose=1
/usr/bin/c++        CMakeFiles/cmTC_4b11a.dir/feature_tests.cxx.o  -o cmTC_4b11a 
make[2]: warning:  Clock skew detected.  Your build may be incomplete.
make[2]: Leaving directory `/u/qnie/research/MappingOpti/ALG/CMakeFiles/CMakeTmp'
make[1]: warning:  Clock skew detected.  Your build may be incomplete.
make[1]: Leaving directory `/u/qnie/research/MappingOpti/ALG/CMakeFiles/CMakeTmp'


    Feature record: CXX_FEATURE:0cxx_aggregate_default_initializers
    Feature record: CXX_FEATURE:1cxx_alias_templates
    Feature record: CXX_FEATURE:1cxx_alignas
    Feature record: CXX_FEATURE:1cxx_alignof
    Feature record: CXX_FEATURE:1cxx_attributes
    Feature record: CXX_FEATURE:0cxx_attribute_deprecated
    Feature record: CXX_FEATURE:1cxx_auto_type
    Feature record: CXX_FEATURE:0cxx_binary_literals
    Feature record: CXX_FEATURE:1cxx_constexpr
    Feature record: CXX_FEATURE:0cxx_contextual_conversions
    Feature record: CXX_FEATURE:1cxx_decltype
    Feature record: CXX_FEATURE:0cxx_decltype_auto
    Feature record: CXX_FEATURE:1cxx_decltype_incomplete_return_types
    Feature record: CXX_FEATURE:1cxx_default_function_template_args
    Feature record: CXX_FEATURE:1cxx_defaulted_functions
    Feature record: CXX_FEATURE:1cxx_defaulted_move_initializers
    Feature record: CXX_FEATURE:1cxx_delegating_constructors
    Feature record: CXX_FEATURE:1cxx_deleted_functions
    Feature record: CXX_FEATURE:0cxx_digit_separators
    Feature record: CXX_FEATURE:1cxx_enum_forward_declarations
    Feature record: CXX_FEATURE:1cxx_explicit_conversions
    Feature record: CXX_FEATURE:1cxx_extended_friend_declarations
    Feature record: CXX_FEATURE:1cxx_extern_templates
    Feature record: CXX_FEATURE:1cxx_final
    Feature record: CXX_FEATURE:1cxx_func_identifier
    Feature record: CXX_FEATURE:1cxx_generalized_initializers
    Feature record: CXX_FEATURE:0cxx_generic_lambdas
    Feature record: CXX_FEATURE:1cxx_inheriting_constructors
    Feature record: CXX_FEATURE:1cxx_inline_namespaces
    Feature record: CXX_FEATURE:1cxx_lambdas
    Feature record: CXX_FEATURE:0cxx_lambda_init_captures
    Feature record: CXX_FEATURE:1cxx_local_type_template_args
    Feature record: CXX_FEATURE:1cxx_long_long_type
    Feature record: CXX_FEATURE:1cxx_noexcept
    Feature record: CXX_FEATURE:1cxx_nonstatic_member_init
    Feature record: CXX_FEATURE:1cxx_nullptr
    Feature record: CXX_FEATURE:1cxx_override
    Feature record: CXX_FEATURE:1cxx_range_for
    Feature record: CXX_FEATURE:1cxx_raw_string_literals
    Feature record: CXX_FEATURE:1cxx_reference_qualified_functions
    Feature record: CXX_FEATURE:0cxx_relaxed_constexpr
    Feature record: CXX_FEATURE:0cxx_return_type_deduction
    Feature record: CXX_FEATURE:1cxx_right_angle_brackets
    Feature record: CXX_FEATURE:1cxx_rvalue_references
    Feature record: CXX_FEATURE:1cxx_sizeof_member
    Feature record: CXX_FEATURE:1cxx_static_assert
    Feature record: CXX_FEATURE:1cxx_strong_enums
    Feature record: CXX_FEATURE:1cxx_template_template_parameters
    Feature record: CXX_FEATURE:1cxx_thread_local
    Feature record: CXX_FEATURE:1cxx_trailing_return_types
    Feature record: CXX_FEATURE:1cxx_unicode_literals
    Feature record: CXX_FEATURE:1cxx_uniform_initialization
    Feature record: CXX_FEATURE:1cxx_unrestricted_unions
    Feature record: CXX_FEATURE:1cxx_user_literals
    Feature record: CXX_FEATURE:0cxx_variable_templates
    Feature record: CXX_FEATURE:1cxx_variadic_macros
    Feature record: CXX_FEATURE:1cxx_variadic_templates


Detecting CXX [-std=c++98] compiler features compiled with the following output:
Change Dir: /u/qnie/research/MappingOpti/ALG/CMakeFiles/CMakeTmp

Run Build Command:"/usr/bin/make" "cmTC_dbce6/fast"
make[1]: Entering directory `/u/qnie/research/MappingOpti/ALG/CMakeFiles/CMakeTmp'
make[1]: Warning: File `Makefile' has modification time 1.1e+02 s in the future
/usr/bin/make -f CMakeFiles/cmTC_dbce6.dir/build.make CMakeFiles/cmTC_dbce6.dir/build
make[2]: Entering directory `/u/qnie/research/MappingOpti/ALG/CMakeFiles/CMakeTmp'
make[2]: Warning: File `CMakeFiles/cmTC_dbce6.dir/flags.make' has modification time 1.1e+02 s in the future
Building CXX object CMakeFiles/cmTC_dbce6.dir/feature_tests.cxx.o
/usr/bin/c++     -std=c++98 -o CMakeFiles/cmTC_dbce6.dir/feature_tests.cxx.o -c /u/qnie/research/MappingOpti/ALG/CMakeFiles/feature_tests.cxx
Linking CXX executable cmTC_dbce6
/usr/local/bin/cmake -E cmake_link_script CMakeFiles/cmTC_dbce6.dir/link.txt --verbose=1
/usr/bin/c++        CMakeFiles/cmTC_dbce6.dir/feature_tests.cxx.o  -o cmTC_dbce6 
make[2]: warning:  Clock skew detected.  Your build may be incomplete.
make[2]: Leaving directory `/u/qnie/research/MappingOpti/ALG/CMakeFiles/CMakeTmp'
make[1]: warning:  Clock skew detected.  Your build may be incomplete.
make[1]: Leaving directory `/u/qnie/research/MappingOpti/ALG/CMakeFiles/CMakeTmp'


    Feature record: CXX_FEATURE:0cxx_aggregate_default_initializers
    Feature record: CXX_FEATURE:0cxx_alias_templates
    Feature record: CXX_FEATURE:0cxx_alignas
    Feature record: CXX_FEATURE:0cxx_alignof
    Feature record: CXX_FEATURE:0cxx_attributes
    Feature record: CXX_FEATURE:0cxx_attribute_deprecated
    Feature record: CXX_FEATURE:0cxx_auto_type
    Feature record: CXX_FEATURE:0cxx_binary_literals
    Feature record: CXX_FEATURE:0cxx_constexpr
    Feature record: CXX_FEATURE:0cxx_contextual_conversions
    Feature record: CXX_FEATURE:0cxx_decltype
    Feature record: CXX_FEATURE:0cxx_decltype_auto
    Feature record: CXX_FEATURE:0cxx_decltype_incomplete_return_types
    Feature record: CXX_FEATURE:0cxx_default_function_template_args
    Feature record: CXX_FEATURE:0cxx_defaulted_functions
    Feature record: CXX_FEATURE:0cxx_defaulted_move_initializers
    Feature record: CXX_FEATURE:0cxx_delegating_constructors
    Feature record: CXX_FEATURE:0cxx_deleted_functions
    Feature record: CXX_FEATURE:0cxx_digit_separators
    Feature record: CXX_FEATURE:0cxx_enum_forward_declarations
    Feature record: CXX_FEATURE:0cxx_explicit_conversions
    Feature record: CXX_FEATURE:0cxx_extended_friend_declarations
    Feature record: CXX_FEATURE:0cxx_extern_templates
    Feature record: CXX_FEATURE:0cxx_final
    Feature record: CXX_FEATURE:0cxx_func_identifier
    Feature record: CXX_FEATURE:0cxx_generalized_initializers
    Feature record: CXX_FEATURE:0cxx_generic_lambdas
    Feature record: CXX_FEATURE:0cxx_inheriting_constructors
    Feature record: CXX_FEATURE:0cxx_inline_namespaces
    Feature record: CXX_FEATURE:0cxx_lambdas
    Feature record: CXX_FEATURE:0cxx_lambda_init_captures
    Feature record: CXX_FEATURE:0cxx_local_type_template_args
    Feature record: CXX_FEATURE:0cxx_long_long_type
    Feature record: CXX_FEATURE:0cxx_noexcept
    Feature record: CXX_FEATURE:0cxx_nonstatic_member_init
    Feature record: CXX_FEATURE:0cxx_nullptr
    Feature record: CXX_FEATURE:0cxx_override
    Feature record: CXX_FEATURE:0cxx_range_for
    Feature record: CXX_FEATURE:0cxx_raw_string_literals
    Feature record: CXX_FEATURE:0cxx_reference_qualified_functions
    Feature record: CXX_FEATURE:0cxx_relaxed_constexpr
    Feature record: CXX_FEATURE:0cxx_return_type_deduction
    Feature record: CXX_FEATURE:0cxx_right_angle_brackets
    Feature record: CXX_FEATURE:0cxx_rvalue_references
    Feature record: CXX_FEATURE:0cxx_sizeof_member
    Feature record: CXX_FEATURE:0cxx_static_assert
    Feature record: CXX_FEATURE:0cxx_strong_enums
    Feature record: CXX_FEATURE:1cxx_template_template_parameters
    Feature record: CXX_FEATURE:0cxx_thread_local
    Feature record: CXX_FEATURE:0cxx_trailing_return_types
    Feature record: CXX_FEATURE:0cxx_unicode_literals
    Feature record: CXX_FEATURE:0cxx_uniform_initialization
    Feature record: CXX_FEATURE:0cxx_unrestricted_unions
    Feature record: CXX_FEATURE:0cxx_user_literals
    Feature record: CXX_FEATURE:0cxx_variable_templates
    Feature record: CXX_FEATURE:0cxx_variadic_macros
    Feature record: CXX_FEATURE:0cxx_variadic_templates
